294, data/prediction_videos_final_train/rolling-billiard/193_1, confirmed
295, data/prediction_videos_final_train/rolling-billiard/176_1, confirmed
296, data/prediction_videos_final_train/passing-rugby/95_3, confirmed
297, data/prediction_videos_final_train/lifting-bench-press/130_7, confirmed
298, data/prediction_videos_final_train/rolling-billiard/193_0, confirmed
299, data/prediction_videos_final_train/rolling-billiard/193_5, confirmed
300, data/prediction_videos_final_train/rolling-billiard/176_3, confirmed
301, data/prediction_videos_final_train/rolling-billiard/65_2, confirmed
302, data/prediction_videos_final_train/rolling-billiard/37_1, confirmed
303, data/prediction_videos_final_train/rolling-billiard/65_4, confirmed
304, data/prediction_videos_final_test/rolling-billiard/127_1, confirmed
305, data/prediction_videos_final_train/rolling-billiard/65_7, confirmed
306, data/prediction_videos_final_train/rolling-billiard/37_0, confirmed
307, data/prediction_videos_final_train/rolling-billiard/4_3, flagged
308, data/prediction_videos_final_train/passing-handball/100_1, flagged
309, data/prediction_videos_final_train/rolling-billiard/45_3, confirmed
310, data/prediction_videos_final_test/throwup-soccer-juggling/90_3, confirmed
311, data/prediction_videos_final_train/throwup-soccer-juggling/132_1, confirmed
312, data/prediction_videos_final_train/rolling-billiard/46_0, confirmed
313, data/prediction_videos_final_train/throwup-soccer-juggling/132_3, confirmed
314, data/prediction_videos_final_test/longthrowing-frisbee/101_1, [['00003', '00005']]
315, data/prediction_videos_final_train/rolling-billiard/46_7, confirmed
316, data/prediction_videos_final_test/rolling-billiard/17_3, confirmed
317, data/prediction_videos_final_train/rolling-billiard/83_3, confirmed
318, data/prediction_videos_final_train/throwup-soccer-juggling/132_2, confirmed
319, data/prediction_videos_final_train/lifting-bench-press/51_0, confirmed
320, data/prediction_videos_final_test/throwup-soccer-juggling/90_5, confirmed
321, data/prediction_videos_final_train/rolling-billiard/8_0, confirmed
322, data/prediction_videos_final_train/rolling-billiard/45_2, confirmed
323, data/prediction_videos_final_train/rolling-billiard/9_0, confirmed
324, data/prediction_videos_final_train/kicking-soccer-penalty/15_2, flagged
325, data/prediction_videos_final_test/rolling-billiard/17_6, confirmed
326, data/prediction_videos_final_train/rolling-billiard/8_5, confirmed
327, data/prediction_videos_final_train/pitching-tennis-smash/51_1, confirmed
328, data/prediction_videos_final_train/lifting-bench-press/51_3, confirmed
329, data/prediction_videos_final_test/rolling-billiard/23_1, confirmed
330, data/prediction_videos_final_train/rolling-billiard/4_1, confirmed
331, data/prediction_videos_final_train/rolling-billiard/25_6, confirmed
332, data/prediction_videos_final_train/rolling-billiard/4_6, confirmed
333, data/prediction_videos_final_train/rolling-billiard/193_3, confirmed
334, data/prediction_videos_final_test/pushing-stroller/44_2, confirmed
335, data/prediction_videos_final_test/pushing-stroller/40_5, confirmed
336, data/prediction_videos_final_test/throwup-soccer-juggling/44_3, confirmed
337, data/prediction_videos_final_train/passing-rugby/171_1, confirmed
338, data/prediction_videos_final_train/rolling-billiard/176_7, confirmed
339, data/prediction_videos_final_train/rolling-billiard/193_7, confirmed
340, data/prediction_videos_final_test/falling-tennis-serve/25_4, flagged
341, data/prediction_videos_final_test/throwup-soccer-juggling/44_2, confirmed
342, data/prediction_videos_final_train/kicking-frisbee/13_1, confirmed
343, data/prediction_videos_final_test/throwup-soccer-juggling/44_4, confirmed
344, data/prediction_videos_final_train/kicking-soccer-penalty/15_5, [['00003', '00007']]
345, data/prediction_videos_final_train/falling-tennis-serve/64_0, [['00000', '00006']]
346, data/prediction_videos_final_train/kicking-soccer-penalty/69_6, flagged
347, data/prediction_videos_final_test/falling-tennis-serve/25_1, flagged
348, data/prediction_videos_final_test/throwup-soccer-juggling/151_0, confirmed
349, data/prediction_videos_final_test/throwup-soccer-juggling/13_1, confirmed
350, data/prediction_videos_final_test/longthrowing-boomerang/124_3, confirmed
351, data/prediction_videos_final_train/rolling-billiard/176_0, confirmed
352, data/prediction_videos_final_train/rolling-billiard/65_1, confirmed
353, data/prediction_videos_final_train/rolling-billiard/193_6, confirmed
354, data/prediction_videos_final_train/throwup-soccer-juggling/20_2, confirmed
355, data/prediction_videos_final_test/throwup-soccer-juggling/13_5, confirmed
356, data/prediction_videos_final_test/falling-tennis-serve/25_3, flagged
357, data/prediction_videos_final_train/kicking-soccer-penalty/69_0, flagged
358, data/prediction_videos_final_train/throwup-soccer-juggling/7_3, confirmed
359, data/prediction_videos_final_train/rolling-billiard/176_5, confirmed
360, data/prediction_videos_final_train/kicking-soccer-penalty/15_1, flagged
361, data/prediction_videos_final_test/throwup-soccer-juggling/44_6, confirmed
362, data/prediction_videos_final_test/sliding-skateboard2/162_0, [['00000', '00006']]
363, data/prediction_videos_final_train/throwup-soccer-juggling/95_0, confirmed
364, data/prediction_videos_final_test/throwup-soccer-juggling/13_0, confirmed
365, data/prediction_videos_final_test/rolling-billiard/109_0, confirmed
366, data/prediction_videos_final_train/kicking-volleyball/67_1, confirmed
367, data/prediction_videos_final_train/throwup-soccer-juggling/7_6, confirmed
368, data/prediction_videos_final_test/throwup-soccer-juggling/13_6, confirmed
369, data/prediction_videos_final_train/rolling-billiard/37_4, confirmed
370, data/prediction_videos_final_train/throwup-soccer-juggling/20_4, confirmed
371, data/prediction_videos_final_test/rolling-billiard/127_0, confirmed
372, data/prediction_videos_final_train/rolling-billiard/14_3, confirmed
373, data/prediction_videos_final_train/throwup-soccer-juggling/112_3, confirmed
374, data/prediction_videos_final_train/rolling-billiard/37_7, confirmed
375, data/prediction_videos_final_test/throwup-soccer-juggling/13_7, confirmed
376, data/prediction_videos_final_test/longthrowing-boomerang/124_7, confirmed
377, data/prediction_videos_final_train/throwup-soccer-juggling/7_5, confirmed
378, data/prediction_videos_final_train/throwup-soccer-juggling/17_2, confirmed
379, data/prediction_videos_final_train/throwup-soccer-juggling/40_5, confirmed
380, data/prediction_videos_final_test/throwup-soccer-juggling/157_5, confirmed
381, data/prediction_videos_final_train/passing-rugby/168_6, confirmed
382, data/prediction_videos_final_test/throwup-soccer-juggling/44_0, confirmed
383, data/prediction_videos_final_test/throwup-soccer-juggling/157_2, confirmed
384, data/prediction_videos_final_test/lifting-bench-press/61_2, confirmed
385, data/prediction_videos_final_train/kicking-soccer-penalty/15_3, flagged
386, data/prediction_videos_final_train/passing-rugby/196_7, confirmed
387, data/prediction_videos_final_train/passing-rugby/171_3, confirmed
388, data/prediction_videos_final_test/throwup-soccer-juggling/157_0, confirmed
389, data/prediction_videos_final_train/sliding-skateboard2/10_2, [['00000', '00006']]
390, data/prediction_videos_final_train/sliding-skateboard2/10_4, confirmed
391, data/prediction_videos_final_train/throwup-soccer-juggling/18_0, confirmed
392, data/prediction_videos_final_train/sliding-skateboard2/10_3, confirmed
393, data/prediction_videos_final_train/throwup-soccer-juggling/20_5, confirmed
394, data/prediction_videos_final_test/throwup-soccer-juggling/13_3, confirmed
395, data/prediction_videos_final_train/kicking-soccer-penalty/15_6, confirmed
396, data/prediction_videos_final_train/passing-rugby/171_7, confirmed
397, data/prediction_videos_final_train/kicking-frisbee/13_3, confirmed
398, data/prediction_videos_final_train/throwup-soccer-juggling/40_4, confirmed
399, data/prediction_videos_final_train/throwup-soccer-juggling/7_7, confirmed
400, data/prediction_videos_final_train/throwup-soccer-juggling/46_5, confirmed
401, data/prediction_videos_final_test/throwup-soccer-juggling/157_4, confirmed
402, data/prediction_videos_final_train/throwup-soccer-juggling/46_6, confirmed
403, data/prediction_videos_final_train/throwup-soccer-juggling/7_2, confirmed
404, data/prediction_videos_final_test/throwup-soccer-juggling/44_5, confirmed
405, data/prediction_videos_final_test/lifting-bench-press/61_3, confirmed
406, data/prediction_videos_final_train/throwup-soccer-juggling/20_3, confirmed
407, data/prediction_videos_final_train/throwup-soccer-juggling/29_7, confirmed
408, data/prediction_videos_final_train/lifting-bench-press/29_6, confirmed
409, data/prediction_videos_final_train/rolling-billiard/4_2, confirmed
410, data/prediction_videos_final_test/rolling-billiard/126_7, confirmed
411, data/prediction_videos_final_test/bouncing-basketball-dribble/88_3, confirmed
412, data/prediction_videos_final_test/throwup-soccer-juggling/44_7, confirmed
413, data/prediction_videos_final_train/passing-handball/84_7, confirmed
414, data/prediction_videos_final_train/throwup-soccer-juggling/40_0, confirmed
415, data/prediction_videos_final_train/rolling-billiard/53_2, confirmed
416, data/prediction_videos_final_train/throwup-table-tennis-serve/78_6, confirmed
417, data/prediction_videos_final_test/rolling-billiard/23_6, confirmed
418, data/prediction_videos_final_train/passing-rugby/59_0, confirmed
419, data/prediction_videos_final_train/rolling-billiard/46_1, confirmed
420, data/prediction_videos_final_train/passing-rugby/117_1, confirmed
421, data/prediction_videos_final_train/throwup-table-tennis-serve/78_1, confirmed
422, data/prediction_videos_final_test/throwup-soccer-juggling/177_0, confirmed
423, data/prediction_videos_final_train/rolling-billiard/78_3, confirmed
424, data/prediction_videos_final_test/rolling-billiard/55_3, confirmed
425, data/prediction_videos_final_train/throwup-table-tennis-serve/78_2, confirmed
426, data/prediction_videos_final_train/rolling-billiard/83_5, confirmed
427, data/prediction_videos_final_train/throwup-soccer-juggling/159_0, confirmed
428, data/prediction_videos_final_train/throwup-soccer-juggling/69_1, confirmed
429, data/prediction_videos_final_train/rolling-billiard/84_6, confirmed
430, data/prediction_videos_final_train/bouncing-volleyball/47_7, confirmed
431, data/prediction_videos_final_test/rolling-billiard/55_4, confirmed
432, data/prediction_videos_final_test/lifting-bench-press/82_2, confirmed
433, data/prediction_videos_final_train/bouncing-basketball-dribble/123_0, confirmed
434, data/prediction_videos_final_train/rolling-billiard/45_5, confirmed
435, data/prediction_videos_final_train/kicking-frisbee/91_5, confirmed
436, data/prediction_videos_final_test/throwup-soccer-juggling/90_1, confirmed
437, data/prediction_videos_final_test/sliding-skateboard/183_1, confirmed
438, data/prediction_videos_final_train/passing-handball/84_5, confirmed
439, data/prediction_videos_final_test/rolling-billiard/1_7, confirmed
440, data/prediction_videos_final_train/rolling-billiard/45_6, confirmed
441, data/prediction_videos_final_test/lifting-bench-press/28_0, confirmed
442, data/prediction_videos_final_test/throwup-soccer-juggling/177_1, confirmed
443, data/prediction_videos_final_train/throwup-soccer-juggling/29_3, confirmed
444, data/prediction_videos_final_train/rolling-billiard/4_4, confirmed
445, data/prediction_videos_final_test/bouncing-basketball-dribble/88_2, confirmed
446, data/prediction_videos_final_train/rolling-billiard/5_3, confirmed
447, data/prediction_videos_final_train/throwup-soccer-juggling/132_6, confirmed
448, data/prediction_videos_final_test/throwup-soccer-juggling/90_4, confirmed
449, data/prediction_videos_final_test/throwup-soccer-juggling/1_2, confirmed
450, data/prediction_videos_final_train/rolling-billiard/59_0, confirmed
451, data/prediction_videos_final_train/passing-rugby/59_5, confirmed
452, data/prediction_videos_final_test/sliding-snowboard/167_0, confirmed
453, data/prediction_videos_final_train/rolling-billiard/6_0, confirmed
454, data/prediction_videos_final_test/bouncing-basketball-dribble/88_1, confirmed
455, data/prediction_videos_final_train/rolling-billiard/4_5, confirmed
456, data/prediction_videos_final_train/throwup-soccer-juggling/95_1, confirmed
457, data/prediction_videos_final_train/rolling-billiard/54_6, confirmed
458, data/prediction_videos_final_train/throwup-soccer-juggling/29_0, confirmed
459, data/prediction_videos_final_test/rolling-billiard/17_4, confirmed
460, data/prediction_videos_final_test/passing-handball/73_3, confirmed
461, data/prediction_videos_final_train/lifting-bench-press/29_2, confirmed
462, data/prediction_videos_final_train/bouncing-basketball-dribble/123_5, confirmed
463, data/prediction_videos_final_train/lifting-bench-press/51_4, confirmed
464, data/prediction_videos_final_train/passing-handball/75_2, confirmed
465, data/prediction_videos_final_test/throwup-soccer-juggling/90_0, confirmed
466, data/prediction_videos_final_train/throwup-soccer-juggling/159_1, confirmed
467, data/prediction_videos_final_test/bouncing-basketball-dribble/85_5, confirmed
468, data/prediction_videos_final_train/rolling-billiard/45_7, confirmed
469, data/prediction_videos_final_test/bouncing-volleyball/43_6, confirmed
470, data/prediction_videos_final_train/rolling-billiard/84_1, confirmed
471, data/prediction_videos_final_test/longthrowing-boomerang/93_1, [['00007', '00010']]
472, data/prediction_videos_final_train/rolling-billiard/25_0, confirmed
473, data/prediction_videos_final_train/lifting-bench-press/51_7, confirmed
474, data/prediction_videos_final_test/rolling-billiard/17_7, confirmed
475, data/prediction_videos_final_train/rolling-billiard/6_2, confirmed
476, data/prediction_videos_final_test/throwup-soccer-juggling/90_2, confirmed
477, data/prediction_videos_final_train/throwup-table-tennis-serve/124_0, confirmed
478, data/prediction_videos_final_train/rolling-billiard/84_3, confirmed
479, data/prediction_videos_final_train/lifting-bench-press/22_2, confirmed
480, data/prediction_videos_final_test/throwup-soccer-juggling/1_1, confirmed
481, data/prediction_videos_final_train/throwup-table-tennis-serve/136_3, confirmed
482, data/prediction_videos_final_train/kicking-futsal/84_1, confirmed
483, data/prediction_videos_final_test/rolling-billiard/17_2, confirmed
484, data/prediction_videos_final_train/passing-rugby/76_6, confirmed
485, data/prediction_videos_final_test/bouncing-basketball-dribble/85_1, confirmed
486, data/prediction_videos_final_train/passing-rugby/59_1, confirmed
487, data/prediction_videos_final_train/throwup-soccer-juggling/107_0, confirmed
488, data/prediction_videos_final_train/throwup-soccer-juggling/112_0, confirmed
489, data/prediction_videos_final_train/rolling-billiard/54_4, confirmed
490, data/prediction_videos_final_train/passing-handball/71_0, confirmed
491, data/prediction_videos_final_test/throwup-table-tennis-serve/192_0, confirmed
492, data/prediction_videos_final_train/rolling-billiard/46_6, confirmed
493, data/prediction_videos_final_test/rolling-billiard/1_0, confirmed
494, data/prediction_videos_final_test/rolling-billiard/1_5, confirmed
495, data/prediction_videos_final_train/passing-handball/84_2, confirmed
496, data/prediction_videos_final_test/rolling-billiard/23_0, confirmed
497, data/prediction_videos_final_test/rolling-billiard/23_2, confirmed
498, data/prediction_videos_final_train/throwup-soccer-juggling/20_1, confirmed
499, data/prediction_videos_final_train/rolling-billiard/45_0, confirmed
500, data/prediction_videos_final_train/rolling-billiard/25_2, confirmed
501, data/prediction_videos_final_test/throwup-soccer-juggling/1_0, confirmed
502, data/prediction_videos_final_train/rolling-billiard/54_1, confirmed
503, data/prediction_videos_final_test/throwup-soccer-juggling/13_2, confirmed
504, data/prediction_videos_final_train/throwup-soccer-juggling/29_6, confirmed
505, data/prediction_videos_final_train/rolling-billiard/8_1, confirmed
506, data/prediction_videos_final_train/rolling-billiard/45_4, confirmed
507, data/prediction_videos_final_test/throwup-soccer-juggling/13_4, confirmed
508, data/prediction_videos_final_train/throwup-soccer-juggling/17_1, confirmed
509, data/prediction_videos_final_train/rolling-billiard/6_7, confirmed
510, data/prediction_videos_final_train/rolling-billiard/5_7, confirmed
511, data/prediction_videos_final_test/rolling-billiard/23_5, confirmed
512, data/prediction_videos_final_test/rolling-billiard/23_3, confirmed
513, data/prediction_videos_final_test/bouncing-basketball-dribble/88_4, confirmed
514, data/prediction_videos_final_test/throwup-soccer-juggling/177_4, confirmed
515, data/prediction_videos_final_train/falling-tennis-serve/147_0, confirmed
516, data/prediction_videos_final_train/pitching-tennis-smash/24_3, confirmed
517, data/prediction_videos_final_train/rolling-billiard/5_4, confirmed
518, data/prediction_videos_final_train/rolling-billiard/45_1, confirmed
519, data/prediction_videos_final_train/rolling-billiard/8_3, confirmed
520, data/prediction_videos_final_train/throwup-soccer-juggling/132_7, confirmed
521, data/prediction_videos_final_test/sliding-skateboard2/162_4, confirmed
522, data/prediction_videos_final_train/bouncing-volleyball/71_2, confirmed
523, data/prediction_videos_final_test/rolling-billiard/55_5, confirmed
524, data/prediction_videos_final_train/bouncing-volleyball/44_6, confirmed
525, data/prediction_videos_final_train/kicking-volleyball/51_1, confirmed
526, data/prediction_videos_final_train/lifting-bench-press/33_6, confirmed
527, data/prediction_videos_final_train/passing-rugby/59_4, confirmed
528, data/prediction_videos_final_train/lifting-bench-press/33_0, confirmed
529, data/prediction_videos_final_train/rolling-billiard/78_6, confirmed
530, data/prediction_videos_final_train/rolling-billiard/84_7, confirmed
531, data/prediction_videos_final_test/lifting-bench-press/28_1, confirmed
532, data/prediction_videos_final_train/throwup-soccer-juggling/46_7, confirmed
533, data/prediction_videos_final_train/rolling-billiard/176_2, confirmed
534, data/prediction_videos_final_train/rolling-billiard/5_6, confirmed
535, data/prediction_videos_final_test/rolling-billiard/1_3, confirmed
536, data/prediction_videos_final_train/lifting-bench-press/33_2, confirmed
537, data/prediction_videos_final_train/throwup-soccer-juggling/132_0, confirmed
538, data/prediction_videos_final_test/throwup-soccer-juggling/44_1, confirmed
539, data/prediction_videos_final_test/throwup-soccer-juggling/90_7, confirmed
540, data/prediction_videos_final_train/throwup-soccer-juggling/29_5, confirmed
541, data/prediction_videos_final_train/rolling-billiard/8_6, confirmed
542, data/prediction_videos_final_train/kicking-soccer-penalty/69_2, confirmed
543, data/prediction_videos_final_test/rolling-billiard/17_0, confirmed
544, data/prediction_videos_final_train/throwup-soccer-juggling/20_6, confirmed
545, data/prediction_videos_final_train/kicking-soccer-penalty/15_4, flagged
546, data/prediction_videos_final_test/sliding-skateboard2/162_2, confirmed
547, data/prediction_videos_final_train/rolling-billiard/4_0, confirmed
548, data/prediction_videos_final_train/rolling-billiard/5_0, confirmed
549, data/prediction_videos_final_train/bouncing-volleyball/47_2, confirmed
550, data/prediction_videos_final_test/rolling-billiard/1_6, confirmed
551, data/prediction_videos_final_test/throwing-volleyball/54_1, confirmed
552, data/prediction_videos_final_train/throwup-soccer-juggling/112_1, confirmed
553, data/prediction_videos_final_train/throwup-soccer-juggling/132_4, confirmed
554, data/prediction_videos_final_train/rolling-billiard/8_7, confirmed
555, data/prediction_videos_final_train/kicking-soccer-penalty/15_0, flagged
556, data/prediction_videos_final_train/throwup-soccer-juggling/18_3, confirmed
557, data/prediction_videos_final_train/throwup-soccer-juggling/40_2, confirmed
558, data/prediction_videos_final_train/throwup-soccer-juggling/18_1, confirmed
559, data/prediction_videos_final_test/longthrowing-boomerang/124_4, confirmed
560, data/prediction_videos_final_test/passing-rugby/65_1, confirmed
561, data/prediction_videos_final_test/throwup-soccer-juggling/72_4, confirmed
562, data/prediction_videos_final_train/throwup-soccer-juggling/20_7, confirmed
563, data/prediction_videos_final_train/throwup-soccer-juggling/18_2, confirmed
564, data/prediction_videos_final_train/throwup-soccer-juggling/29_4, confirmed
565, data/prediction_videos_final_train/throwup-soccer-juggling/7_4, confirmed
566, data/prediction_videos_final_train/throwup-soccer-juggling/29_2, confirmed
567, data/prediction_videos_final_test/falling-tennis-serve/11_5, confirmed
568, data/prediction_videos_final_train/throwup-soccer-juggling/40_1, confirmed
569, data/prediction_videos_final_test/passing-basketball/1_4, confirmed
570, data/prediction_videos_final_test/sliding-skateboard/183_3, confirmed
571, data/prediction_videos_final_train/passing-rugby/168_1, confirmed
572, data/prediction_videos_final_train/kicking-frisbee/13_0, confirmed
573, data/prediction_videos_final_train/lifting-bench-press/48_4, confirmed
574, data/prediction_videos_final_train/lifting-bench-press/108_0, confirmed
575, data/prediction_videos_final_train/throwup-soccer-juggling/17_3, confirmed
576, data/prediction_videos_final_train/sliding-skateboard2/48_0, confirmed
577, data/prediction_videos_final_test/lifting-bench-press/61_4, confirmed
578, data/prediction_videos_final_train/lifting-bench-press/108_5, confirmed
579, data/prediction_videos_final_train/throwup-soccer-juggling/40_3, confirmed
580, data/prediction_videos_final_train/passing-rugby/194_1, confirmed
581, data/prediction_videos_final_train/kicking-boomerang/100_0, confirmed
582, data/prediction_videos_final_train/throwup-soccer-juggling/192_0, confirmed
583, data/prediction_videos_final_train/lifting-bench-press/48_0, confirmed
584, data/prediction_videos_final_train/passing-rugby/196_6, confirmed
585, data/prediction_videos_final_train/sliding-skateboard2/10_5, confirmed
586, data/prediction_videos_final_train/passing-basketball/6_2, confirmed
587, data/prediction_videos_final_train/rolling-billiard/14_1, flagged
588, data/prediction_videos_final_train/throwup-soccer-juggling/29_1, confirmed
589, data/prediction_videos_final_test/sliding-snowboard/1_2, confirmed
590, data/prediction_videos_final_train/lifting-bench-press/108_4, confirmed
591, data/prediction_videos_final_train/passing-rugby/196_2, confirmed
592, data/prediction_videos_final_train/kicking-disk/129_0, confirmed
593, data/prediction_videos_final_test/lifting-bench-press/61_0, confirmed
594, data/prediction_videos_final_train/passing-rugby/46_7, confirmed
595, data/prediction_videos_final_train/passing-rugby/112_5, confirmed
596, data/prediction_videos_final_train/lifting-bench-press/130_1, confirmed
597, data/prediction_videos_final_test/longthrowing-boomerang/93_5, confirmed
598, data/prediction_videos_final_test/throwup-soccer-juggling/157_1, confirmed
599, data/prediction_videos_final_test/sliding-snowboard/1_5, confirmed
600, data/prediction_videos_final_test/longthrowing-disk/94_4, confirmed
601, data/prediction_videos_final_train/sliding-skateboard2/10_6, confirmed
602, data/prediction_videos_final_test/lifting-bench-press/61_1, confirmed
603, data/prediction_videos_final_train/throwup-soccer-juggling/17_0, confirmed
604, data/prediction_videos_final_train/passing-rugby/95_1, confirmed
605, data/prediction_videos_final_train/passing-rugby/95_4, confirmed
606, data/prediction_videos_final_train/passing-rugby/96_1, confirmed
607, data/prediction_videos_final_train/passing-rugby/168_5, confirmed
608, data/prediction_videos_final_test/passing-rugby/111_4, confirmed
609, data/prediction_videos_final_train/throwup-soccer-juggling/7_0, confirmed
610, data/prediction_videos_final_train/lifting-bench-press/12_1, confirmed
611, data/prediction_videos_final_train/rolling-billiard/37_5, confirmed
612, data/prediction_videos_final_train/passing-rugby/149_1, confirmed
613, data/prediction_videos_final_test/sliding-skateboard2/183_4, [['00000', '00007']]
614, data/prediction_videos_final_test/falling-tennis-serve/25_2, confirmed
615, data/prediction_videos_final_test/throwup-soccer-juggling/177_2, confirmed
616, data/prediction_videos_final_train/throwup-soccer-juggling/17_6, confirmed
617, data/prediction_videos_final_test/sliding-skateboard2/162_6, confirmed
618, data/prediction_videos_final_test/throwup-soccer-juggling/157_6, confirmed
619, data/prediction_videos_final_train/throwup-soccer-juggling/20_0, confirmed
620, data/prediction_videos_final_train/throwup-soccer-juggling/107_2, confirmed
621, data/prediction_videos_final_train/lifting-bench-press/48_1, confirmed
622, data/prediction_videos_final_train/sliding-skateboard2/10_1, confirmed
623, data/prediction_videos_final_test/throwup-soccer-juggling/157_3, confirmed
624, data/prediction_videos_final_train/throwup-soccer-juggling/188_0, confirmed
625, data/prediction_videos_final_train/passing-rugby/138_6, confirmed
626, data/prediction_videos_final_train/kicking-disk/145_2, confirmed
627, data/prediction_videos_final_train/passing-rugby/96_4, confirmed
628, data/prediction_videos_final_train/passing-rugby/168_3, confirmed
629, data/prediction_videos_final_train/lifting-bench-press/12_4, confirmed
630, data/prediction_videos_final_train/passing-rugby/170_7, confirmed
631, data/prediction_videos_final_train/passing-rugby/171_2, confirmed
632, data/prediction_videos_final_train/pushing-stroller/75_2, confirmed
633, data/prediction_videos_final_train/sliding-snowboard/11_0, confirmed
634, data/prediction_videos_final_train/lifting-bench-press/130_6, confirmed
635, data/prediction_videos_final_train/passing-rugby/196_5, confirmed
636, data/prediction_videos_final_train/kicking-soccer-penalty/15_7, flagged
637, data/prediction_videos_final_train/pushing-car/154_6, confirmed
638, data/prediction_videos_final_train/throwup-soccer-juggling/69_2, confirmed
639, data/prediction_videos_final_train/falling-diving/108_2, confirmed
640, data/prediction_videos_final_train/kicking-soccer-penalty/69_7, flagged
641, data/prediction_videos_final_train/falling-tennis-serve/75_0, flagged
642, data/prediction_videos_final_train/throwup-soccer-juggling/46_4, confirmed
643, data/prediction_videos_final_train/throwup-soccer-juggling/7_1, confirmed
644, data/prediction_videos_final_test/throwup-soccer-juggling/72_2, confirmed
645, data/prediction_videos_final_train/kicking-boomerang/100_2, confirmed
646, data/prediction_videos_final_train/throwup-soccer-juggling/82_1, confirmed
647, data/prediction_videos_final_train/kicking-frisbee/13_2, confirmed
648, data/prediction_videos_final_train/throwup-soccer-juggling/82_5, confirmed
649, data/prediction_videos_final_train/falling-tennis-serve/48_0, confirmed
650, data/prediction_videos_final_test/passing-rugby/146_1, confirmed
651, data/prediction_videos_final_train/throwup-soccer-juggling/40_6, confirmed
652, data/prediction_videos_final_train/throwup-soccer-juggling/54_4, confirmed
653, data/prediction_videos_final_test/passing-rugby/118_3, flagged
654, data/prediction_videos_final_train/passing-rugby/117_3, confirmed
655, data/prediction_videos_final_train/kicking-soccer-penalty/69_5, flagged
656, data/prediction_videos_final_train/throwup-soccer-juggling/17_5, confirmed
657, data/prediction_videos_final_train/falling-cliff-jumping/188_7, confirmed
658, data/prediction_videos_final_test/lifting-bench-press/86_7, confirmed
659, data/prediction_videos_final_test/lifting-bench-press/20_0, confirmed
660, data/prediction_videos_final_test/longthrowing-boomerang/124_5, confirmed
661, data/prediction_videos_final_train/throwup-soccer-juggling/95_2, confirmed
662, data/prediction_videos_final_train/throwup-soccer-juggling/69_5, confirmed
663, data/prediction_videos_final_train/sliding-skateboard2/197_7, confirmed
664, data/prediction_videos_final_train/throwup-soccer-juggling/69_0, confirmed
665, data/prediction_videos_final_train/throwup-soccer-juggling/95_3, confirmed
666, data/prediction_videos_final_train/swinging-gymnastic/39_2, confirmed
667, data/prediction_videos_final_train/falling-diving/176_0, flagged
668, data/prediction_videos_final_train/sliding-ski2/56_1, confirmed
669, data/prediction_videos_final_test/lifting-bench-press/20_1, confirmed
670, data/prediction_videos_final_train/kicking-boomerang/100_1, confirmed
671, data/prediction_videos_final_test/passing-rugby/146_0, confirmed
672, data/prediction_videos_final_train/throwup-soccer-juggling/104_0, confirmed
673, data/prediction_videos_final_train/throwup-soccer-juggling/46_0, confirmed
674, data/prediction_videos_final_train/throwup-soccer-juggling/17_7, confirmed
675, data/prediction_videos_final_train/lifting-weightlifting/179_2, confirmed
676, data/prediction_videos_final_train/rolling-billiard/193_4, confirmed
677, data/prediction_videos_final_test/lifting-bench-press/109_2, confirmed
678, data/prediction_videos_final_train/lifting-bench-press/7_0, confirmed
679, data/prediction_videos_final_train/throwup-table-tennis-serve/124_1, confirmed
680, data/prediction_videos_final_train/throwup-soccer-juggling/112_2, confirmed
681, data/prediction_videos_final_test/lifting-bench-press/20_2, confirmed
682, data/prediction_videos_final_test/passing-rugby/118_1, confirmed
683, data/prediction_videos_final_train/kicking-soccer-penalty/69_4, flagged
684, data/prediction_videos_final_test/lifting-bench-press/109_1, confirmed
685, data/prediction_videos_final_train/lifting-bench-press/7_1, confirmed
686, data/prediction_videos_final_train/throwup-soccer-juggling/17_4, confirmed
687, data/prediction_videos_final_train/throwup-soccer-juggling/46_2, confirmed
688, data/prediction_videos_final_test/lifting-bench-press/20_3, confirmed
689, data/prediction_videos_final_train/lifting-bench-press/7_2, confirmed
690, data/prediction_videos_final_train/rolling-billiard/6_5, confirmed
691, data/prediction_videos_final_train/bouncing-volleyball/49_0, confirmed
692, data/prediction_videos_final_test/pitching-tennis-smash/23_2, confirmed
693, data/prediction_videos_final_test/longthrowing-frisbee/25_3, confirmed
694, data/prediction_videos_final_test/passing-handball/101_3, confirmed
695, data/prediction_videos_final_train/rolling-billiard/84_4, confirmed
696, data/prediction_videos_final_test/bouncing-basketball-dribble/88_5, confirmed
697, data/prediction_videos_final_train/passing-rugby/2_0, confirmed
698, data/prediction_videos_final_train/throwup-table-tennis-serve/172_2, confirmed
699, data/prediction_videos_final_test/throwup-soccer-juggling/101_3, flagged
700, data/prediction_videos_final_train/kicking-frisbee/91_2, confirmed
701, data/prediction_videos_final_train/passing-rugby/194_7, confirmed
702, data/prediction_videos_final_train/passing-rugby/2_1, confirmed
703, data/prediction_videos_final_train/rolling-billiard/59_5, confirmed
704, data/prediction_videos_final_test/throwing-volleyball/42_1, confirmed
705, data/prediction_videos_final_test/throwup-soccer-juggling/1_4, confirmed
706, data/prediction_videos_final_test/rolling-billiard/1_4, confirmed
707, data/prediction_videos_final_train/bouncing-volleyball/47_0, confirmed
708, data/prediction_videos_final_test/passing-handball/109_1, confirmed
709, data/prediction_videos_final_train/passing-rugby/76_7, confirmed
710, data/prediction_videos_final_train/lifting-bench-press/136_2, confirmed
711, data/prediction_videos_final_train/lifting-bench-press/114_2, confirmed
712, data/prediction_videos_final_test/rolling-billiard/1_2, confirmed
713, data/prediction_videos_final_train/lifting-bench-press/136_6, confirmed
714, data/prediction_videos_final_test/rolling-billiard/23_4, confirmed
715, data/prediction_videos_final_train/passing-handball/100_3, confirmed
716, data/prediction_videos_final_train/throwup-table-tennis-serve/136_2, confirmed
717, data/prediction_videos_final_train/throwup-soccer-juggling/82_3, confirmed
718, data/prediction_videos_final_train/passing-handball/84_0, confirmed
719, data/prediction_videos_final_train/kicking-soccer-penalty/144_0, confirmed
720, data/prediction_videos_final_test/passing-rugby/3_3, confirmed
721, data/prediction_videos_final_test/throwup-soccer-juggling/101_1, confirmed
722, data/prediction_videos_final_test/lifting-bench-press/82_0, confirmed
723, data/prediction_videos_final_test/passing-rugby/74_6, confirmed
724, data/prediction_videos_final_test/lifting-bench-press/36_2, confirmed
725, data/prediction_videos_final_test/passing-handball/109_4, confirmed
726, data/prediction_videos_final_train/lifting-bench-press/33_5, confirmed
727, data/prediction_videos_final_train/sliding-slide2/32_4, [['00000', '00012']]
728, data/prediction_videos_final_train/throwup-table-tennis-serve/78_7, confirmed
729, data/prediction_videos_final_train/rolling-billiard/83_1, confirmed
730, data/prediction_videos_final_test/passing-handball/73_5, confirmed
731, data/prediction_videos_final_test/kicking-futsal/109_7, confirmed
732, data/prediction_videos_final_train/passing-rugby/112_7, confirmed
733, data/prediction_videos_final_train/rolling-billiard/25_1, confirmed
734, data/prediction_videos_final_train/passing-rugby/112_0, confirmed
735, data/prediction_videos_final_test/rolling-billiard/126_5, confirmed
736, data/prediction_videos_final_train/rolling-billiard/9_6, confirmed
737, data/prediction_videos_final_test/bouncing-basketball-dribble/85_2, confirmed
738, data/prediction_videos_final_train/bouncing-basketball-dribble/123_3, confirmed
739, data/prediction_videos_final_train/throwup-table-tennis-serve/136_5, confirmed
740, data/prediction_videos_final_train/pitching-tennis-smash/10_6, confirmed
741, data/prediction_videos_final_train/bouncing-volleyball/44_0, confirmed
742, data/prediction_videos_final_train/bouncing-volleyball/44_2, confirmed
743, data/prediction_videos_final_train/swinging-gymnastic/16_2, confirmed
744, data/prediction_videos_final_test/rolling-billiard/126_4, confirmed
745, data/prediction_videos_final_train/throwup-table-tennis-serve/78_0, confirmed
746, data/prediction_videos_final_test/throwup-table-tennis-serve/176_3, confirmed
747, data/prediction_videos_final_train/bouncing-volleyball/49_6, confirmed
748, data/prediction_videos_final_test/passing-handball/101_7, confirmed
749, data/prediction_videos_final_train/lifting-bench-press/33_1, confirmed
750, data/prediction_videos_final_train/lifting-bench-press/29_1, confirmed
751, data/prediction_videos_final_train/passing-rugby/112_2, confirmed
752, data/prediction_videos_final_train/bouncing-volleyball/47_3, confirmed
753, data/prediction_videos_final_train/rolling-billiard/53_5, confirmed
754, data/prediction_videos_final_test/sliding-snowboard/1_3, [['00010', '00015']]
755, data/prediction_videos_final_train/throwup-soccer-juggling/132_5, confirmed
756, data/prediction_videos_final_train/sliding-skateboard2/10_7, [['00000', '00011']]
757, data/prediction_videos_final_train/bouncing-volleyball/51_6, confirmed
758, data/prediction_videos_final_test/passing-handball/73_0, flagged
759, data/prediction_videos_final_test/lifting-bench-press/82_3, confirmed
760, data/prediction_videos_final_train/throwup-table-tennis-serve/136_4, confirmed
761, data/prediction_videos_final_train/passing-handball/75_6, confirmed
762, data/prediction_videos_final_test/rolling-billiard/55_0, confirmed
763, data/prediction_videos_final_test/throwup-soccer-juggling/128_1, confirmed
764, data/prediction_videos_final_test/throwup-soccer-juggling/90_6, confirmed
765, data/prediction_videos_final_train/lifting-bench-press/51_5, confirmed
766, data/prediction_videos_final_test/kicking-soccer-penalty/165_6, confirmed
767, data/prediction_videos_final_test/passing-rugby/111_5, flagged
768, data/prediction_videos_final_test/pitching-tennis-smash/23_0, confirmed
769, data/prediction_videos_final_train/rolling-billiard/6_1, confirmed
770, data/prediction_videos_final_train/passing-rugby/138_7, confirmed
771, data/prediction_videos_final_test/longthrowing-boomerang/124_6, confirmed
772, data/prediction_videos_final_train/rolling-billiard/25_7, confirmed
773, data/prediction_videos_final_test/bouncing-volleyball/43_2, confirmed
774, data/prediction_videos_final_train/bouncing-volleyball/51_5, confirmed
775, data/prediction_videos_final_train/lifting-bench-press/108_2, confirmed
776, data/prediction_videos_final_test/lifting-bench-press/3_4, confirmed
777, data/prediction_videos_final_train/rolling-billiard/54_5, confirmed
778, data/prediction_videos_final_train/passing-rugby/171_4, confirmed
779, data/prediction_videos_final_train/throwup-soccer-juggling/54_0, confirmed
780, data/prediction_videos_final_test/passing-handball/109_7, confirmed
781, data/prediction_videos_final_train/passing-handball/75_1, confirmed
782, data/prediction_videos_final_train/lifting-bench-press/108_3, confirmed
783, data/prediction_videos_final_train/rolling-billiard/120_0, confirmed
784, data/prediction_videos_final_test/throwup-soccer-juggling/157_7, confirmed
785, data/prediction_videos_final_test/bouncing-basketball-dribble/85_0, confirmed
786, data/prediction_videos_final_train/throwup-table-tennis-serve/136_7, confirmed
787, data/prediction_videos_final_train/rolling-billiard/25_5, confirmed
788, data/prediction_videos_final_train/passing-handball/84_4, confirmed
789, data/prediction_videos_final_train/sliding-skateboard3/13_3, confirmed
790, data/prediction_videos_final_train/lifting-bench-press/29_5, [['00004', '00015']]
791, data/prediction_videos_final_train/rolling-billiard/9_5, confirmed
792, data/prediction_videos_final_train/pitching-tennis-smash/10_3, confirmed
793, data/prediction_videos_final_train/rolling-billiard/53_7, confirmed
794, data/prediction_videos_final_test/lifting-bench-press/82_1, [['00002', '00015']]
795, data/prediction_videos_final_test/passing-handball/73_2, confirmed
796, data/prediction_videos_final_train/rolling-billiard/53_1, confirmed
797, data/prediction_videos_final_test/passing-rugby/36_0, confirmed
798, data/prediction_videos_final_train/passing-rugby/170_5, confirmed
799, data/prediction_videos_final_train/lifting-bench-press/22_5, confirmed
800, data/prediction_videos_final_test/longthrowing-frisbee/25_0, confirmed
801, data/prediction_videos_final_train/passing-rugby/170_1, confirmed
802, data/prediction_videos_final_train/passing-rugby/112_1, confirmed
803, data/prediction_videos_final_train/lifting-bench-press/62_4, confirmed
804, data/prediction_videos_final_train/rolling-billiard/84_0, confirmed
805, data/prediction_videos_final_train/rolling-billiard/84_5, confirmed
806, data/prediction_videos_final_train/rolling-billiard/5_1, confirmed
807, data/prediction_videos_final_train/rolling-billiard/8_2, confirmed
808, data/prediction_videos_final_train/passing-rugby/59_6, confirmed
809, data/prediction_videos_final_test/throwup-soccer-juggling/146_0, confirmed
810, data/prediction_videos_final_test/throwup-soccer-juggling/128_0, confirmed
811, data/prediction_videos_final_train/bouncing-volleyball/47_6, confirmed
812, data/prediction_videos_final_train/bouncing-volleyball/44_1, confirmed
813, data/prediction_videos_final_test/bouncing-volleyball/52_4, confirmed
814, data/prediction_videos_final_train/bouncing-volleyball/44_4, confirmed
815, data/prediction_videos_final_train/lifting-bench-press/29_4, confirmed
816, data/prediction_videos_final_train/rolling-billiard/78_2, confirmed
817, data/prediction_videos_final_train/rolling-billiard/4_7, confirmed
818, data/prediction_videos_final_test/bouncing-basketball-dribble/88_0, flagged
819, data/prediction_videos_final_train/throwup-soccer-juggling/46_3, confirmed
820, data/prediction_videos_final_test/passing-basketball/77_0, confirmed
821, data/prediction_videos_final_test/passing-rugby/111_1, confirmed
822, data/prediction_videos_final_train/lifting-bench-press/136_4, confirmed
823, data/prediction_videos_final_train/throwup-table-tennis-serve/136_0, confirmed
824, data/prediction_videos_final_test/passing-rugby/36_4, confirmed
825, data/prediction_videos_final_train/lifting-bench-press/136_1, confirmed
826, data/prediction_videos_final_train/passing-rugby/194_2, confirmed
827, data/prediction_videos_final_test/passing-handball/73_4, confirmed
828, data/prediction_videos_final_train/lifting-bench-press/33_4, confirmed
829, data/prediction_videos_final_test/rolling-billiard/55_7, confirmed
830, data/prediction_videos_final_train/throwup-soccer-juggling/82_4, confirmed
831, data/prediction_videos_final_test/bouncing-basketball-dribble/85_3, confirmed
832, data/prediction_videos_final_train/falling-diving/176_1, confirmed
833, data/prediction_videos_final_train/throwup-soccer-juggling/185_0, confirmed
834, data/prediction_videos_final_test/passing-rugby/3_2, confirmed
835, data/prediction_videos_final_train/bouncing-volleyball/49_3, confirmed
836, data/prediction_videos_final_train/kicking-volleyball/49_2, confirmed
837, data/prediction_videos_final_train/bouncing-volleyball/51_1, confirmed
838, data/prediction_videos_final_train/lifting-bench-press/136_0, confirmed
839, data/prediction_videos_final_train/throwup-table-tennis-serve/78_5, confirmed
840, data/prediction_videos_final_train/lifting-bench-press/22_6, confirmed
841, data/prediction_videos_final_test/bouncing-tennis-serve/180_1, confirmed
842, data/prediction_videos_final_train/rolling-billiard/6_6, confirmed
843, data/prediction_videos_final_train/passing-handball/100_4, confirmed
844, data/prediction_videos_final_train/rolling-billiard/9_1, confirmed
845, data/prediction_videos_final_test/longthrowing-disk/102_2, confirmed
846, data/prediction_videos_final_test/passing-rugby/74_1, confirmed
847, data/prediction_videos_final_train/passing-rugby/196_1, confirmed
848, data/prediction_videos_final_test/lifting-bench-press/61_5, confirmed
849, data/prediction_videos_final_test/passing-rugby/3_5, confirmed
850, data/prediction_videos_final_train/lifting-bench-press/48_3, confirmed
851, data/prediction_videos_final_train/throwup-table-tennis-serve/78_4, confirmed
852, data/prediction_videos_final_test/passing-rugby/11_7, confirmed
853, data/prediction_videos_final_train/pitching-tennis-smash/55_7, confirmed
854, data/prediction_videos_final_test/lifting-bench-press/28_2, confirmed
855, data/prediction_videos_final_train/passing-handball/69_0, confirmed
856, data/prediction_videos_final_test/passing-rugby/3_7, confirmed
857, data/prediction_videos_final_train/rolling-billiard/59_4, confirmed
858, data/prediction_videos_final_train/rolling-billiard/83_7, confirmed
859, data/prediction_videos_final_train/rolling-billiard/120_7, confirmed
860, data/prediction_videos_final_train/bouncing-volleyball/47_4, confirmed
861, data/prediction_videos_final_train/lifting-bench-press/136_3, confirmed
862, data/prediction_videos_final_train/pitching-tennis-smash/51_6, confirmed
863, data/prediction_videos_final_train/rolling-billiard/83_6, confirmed
864, data/prediction_videos_final_test/rolling-billiard/126_0, confirmed
865, data/prediction_videos_final_train/bouncing-basketball-dribble/8_5, confirmed
866, data/prediction_videos_final_train/kicking-futsal/84_0, confirmed
867, data/prediction_videos_final_train/throwup-table-tennis-serve/172_1, confirmed
868, data/prediction_videos_final_train/rolling-billiard/6_3, confirmed
869, data/prediction_videos_final_train/throwup-table-tennis-serve/78_3, confirmed
870, data/prediction_videos_final_train/passing-handball/100_2, confirmed
871, data/prediction_videos_final_train/throwup-table-tennis-serve/172_3, confirmed
872, data/prediction_videos_final_train/passing-rugby/194_6, confirmed
873, data/prediction_videos_final_train/kicking-futsal/194_1, confirmed
874, data/prediction_videos_final_train/pitching-tennis-smash/51_2, confirmed
875, data/prediction_videos_final_train/passing-handball/84_1, confirmed
876, data/prediction_videos_final_test/lifting-bench-press/61_6, confirmed
877, data/prediction_videos_final_test/passing-handball/109_2, confirmed
878, data/prediction_videos_final_train/lifting-bench-press/48_2, confirmed
879, data/prediction_videos_final_train/rolling-billiard/84_2, confirmed
880, data/prediction_videos_final_train/passing-handball/100_7, confirmed
881, data/prediction_videos_final_test/lifting-bench-press/3_1, confirmed
882, data/prediction_videos_final_test/throwup-soccer-juggling/72_0, confirmed
883, data/prediction_videos_final_train/passing-rugby/194_3, confirmed
884, data/prediction_videos_final_train/rolling-billiard/193_2, confirmed
885, data/prediction_videos_final_train/kicking-soccer-penalty/144_1, confirmed
886, data/prediction_videos_final_test/sliding-ski2/1_1, confirmed
887, data/prediction_videos_final_test/longthrowing-disk/94_3, confirmed
888, data/prediction_videos_final_train/kicking-basketball/505_3, confirmed
889, data/prediction_videos_final_test/throwup-soccer-juggling/124_0, confirmed
890, data/prediction_videos_final_train/rolling-soccer-pass/5_6, confirmed
891, data/prediction_videos_final_train/rolling-billiard/65_0, confirmed
892, data/prediction_videos_final_test/longthrowing-boomerang/124_2, confirmed
893, data/prediction_videos_final_train/lifting-bench-press/89_2, confirmed
894, data/prediction_videos_final_train/sliding-skateboard2/16_0, [['00000', '00013']]
895, data/prediction_videos_final_train/passing-rugby/95_0, confirmed
896, data/prediction_videos_final_train/passing-rugby/95_5, confirmed
897, data/prediction_videos_final_train/passing-rugby/96_7, confirmed
898, data/prediction_videos_final_train/kicking-soccer-penalty/196_0, confirmed
899, data/prediction_videos_final_train/rolling-billiard/37_3, confirmed
900, data/prediction_videos_final_test/throwup-soccer-juggling/72_3, [['00000', '00013']]
