0, data/prediction_videos_3_categories/throwup-basketball/176_3, confirmed
1, data/prediction_videos_3_categories/rolling-bowling/96_3, confirmed
2, data/prediction_videos_3_categories/throwup-basketball/183_4, confirmed
3, data/prediction_videos_3_categories/rolling-bowling/79_2, confirmed
4, data/prediction_videos_3_categories/throwup-basketball/87_2, confirmed
5, data/prediction_videos_3_categories/throwup-basketball/52_1, confirmed
6, data/prediction_videos_3_categories/throwup-basketball/72_3, confirmed
7, data/prediction_videos_3_categories/throwup-basketball/46_3, confirmed
8, data/prediction_videos_3_categories/throwup-basketball/87_4, confirmed
9, data/prediction_videos_3_categories/rolling-bowling/52_1, confirmed
10, data/prediction_videos_3_categories/throwup-basketball/87_3, confirmed
11, data/prediction_videos_3_categories/throwup-basketball/5_1, confirmed
12, data/prediction_videos_3_categories/throwup-basketball/5_0, confirmed
13, data/prediction_videos_3_categories/throwup-basketball/90_0, confirmed
14, data/prediction_videos_3_categories/rolling-bowling/79_0, confirmed
15, data/prediction_videos_3_categories/throwup-basketball/1_4, confirmed
16, data/prediction_videos_3_categories/throwup-basketball/1_2, confirmed
17, data/prediction_videos_3_categories/throwup-basketball/18_4, confirmed
18, data/prediction_videos_3_categories/throwup-basketball/176_0, confirmed
19, data/prediction_videos_3_categories/throwup-basketball/13_1, confirmed
20, data/prediction_videos_3_categories/throwup-basketball/34_1, confirmed
21, data/prediction_videos_3_categories/throwup-basketball/55_0, confirmed
22, data/prediction_videos_3_categories/throwup-basketball/187_4, confirmed
23, data/prediction_videos_3_categories/throwup-basketball/183_0, confirmed
24, data/prediction_videos_3_categories/throwup-basketball/13_5, confirmed
25, data/prediction_videos_3_categories/throwup-basketball/1_3, confirmed
26, data/prediction_videos_3_categories/throwup-basketball/13_3, confirmed
27, data/prediction_videos_3_categories/throwup-basketball/80_0, confirmed
28, data/prediction_videos_3_categories/throwup-basketball/18_0, confirmed
29, data/prediction_videos_3_categories/throwup-basketball/1_5, confirmed
30, data/prediction_videos_3_categories/throwup-basketball/55_1, confirmed
31, data/prediction_videos_3_categories/throwup-basketball/13_4, confirmed
32, data/prediction_videos_3_categories/throwup-basketball/176_7, confirmed
33, data/prediction_videos_3_categories/throwup-basketball/12_1, confirmed
34, data/prediction_videos_3_categories/throwup-basketball/85_4, confirmed
35, data/prediction_videos_3_categories/throwup-basketball/8_5, confirmed
36, data/prediction_videos_3_categories/throwup-basketball/1_6, confirmed
37, data/prediction_videos_3_categories/throwup-basketball/1_0, confirmed
38, data/prediction_videos_3_categories/throwup-basketball/85_1, confirmed
39, data/prediction_videos_3_categories/throwup-basketball/176_1, confirmed
40, data/prediction_videos_3_categories/throwup-basketball/13_6, confirmed
41, data/prediction_videos_3_categories/throwup-basketball/187_0, confirmed
42, data/prediction_videos_3_categories/throwup-basketball/176_5, confirmed
43, data/prediction_videos_3_categories/throwup-basketball/9_4, confirmed
44, data/prediction_videos_3_categories/throwup-basketball/46_7, confirmed
45, data/prediction_videos_3_categories/throwup-basketball/9_1, confirmed
46, data/prediction_videos_3_categories/throwup-basketball/48_3, confirmed
47, data/prediction_videos_3_categories/throwup-basketball/64_4, flagged
48, data/prediction_videos_3_categories/throwup-basketball/46_4, confirmed
49, data/prediction_videos_3_categories/throwup-basketball/18_3, confirmed
50, data/prediction_videos_3_categories/throwup-basketball/5_2, confirmed
51, data/prediction_videos_3_categories/throwup-basketball/9_0, confirmed
52, data/prediction_videos_3_categories/throwup-basketball/10_0, confirmed
53, data/prediction_videos_3_categories/throwup-basketball/46_6, confirmed
54, data/prediction_videos_3_categories/throwup-basketball/95_1, confirmed
55, data/prediction_videos_3_categories/throwup-basketball/18_6, confirmed
56, data/prediction_videos_3_categories/throwup-basketball/10_3, confirmed
57, data/prediction_videos_3_categories/throwup-basketball/87_6, confirmed
58, data/prediction_videos_3_categories/throwup-basketball/46_0, confirmed
59, data/prediction_videos_3_categories/rolling-bowling/79_1, confirmed
60, data/prediction_videos_3_categories/throwup-basketball/72_1, confirmed
61, data/prediction_videos_3_categories/throwup-basketball/18_7, confirmed
62, data/prediction_videos_3_categories/throwup-basketball/106_3, confirmed
63, data/prediction_videos_3_categories/throwup-basketball/15_0, confirmed
64, data/prediction_videos_3_categories/throwup-basketball/52_0, confirmed
65, data/prediction_videos_3_categories/throwup-basketball/87_7, confirmed
66, data/prediction_videos_3_categories/throwup-basketball/95_2, confirmed
67, data/prediction_videos_3_categories/throwup-basketball/72_5, confirmed
68, data/prediction_videos_3_categories/throwup-basketball/48_7, confirmed
69, data/prediction_videos_3_categories/throwup-basketball/52_4, confirmed
70, data/prediction_videos_3_categories/throwup-basketball/194_1, confirmed
71, data/prediction_videos_3_categories/throwup-basketball/10_1, confirmed
72, data/prediction_videos_3_categories/throwup-basketball/46_2, confirmed
73, data/prediction_videos_3_categories/throwup-basketball/64_2, confirmed
74, data/prediction_videos_3_categories/throwup-basketball/194_0, confirmed
75, data/prediction_videos_3_categories/throwup-basketball/46_1, confirmed
76, data/prediction_videos_3_categories/throwup-basketball/18_1, confirmed
77, data/prediction_videos_3_categories/throwup-basketball/18_2, confirmed
78, data/prediction_videos_3_categories/throwup-basketball/61_0, confirmed
79, data/prediction_videos_3_categories/throwup-basketball/10_2, confirmed
80, data/prediction_videos_3_categories/throwup-basketball/187_2, confirmed
81, data/prediction_videos_3_categories/throwup-basketball/85_2, confirmed
82, data/prediction_videos_3_categories/throwup-basketball/87_1, confirmed
83, data/prediction_videos_3_categories/throwup-basketball/66_1, confirmed
84, data/prediction_videos_3_categories/throwup-basketball/80_1, confirmed
85, data/prediction_videos_3_categories/throwup-basketball/176_2, confirmed
86, data/prediction_videos_3_categories/throwup-basketball/85_5, confirmed
87, data/prediction_videos_3_categories/throwup-basketball/12_0, confirmed
88, data/prediction_videos_3_categories/throwup-basketball/12_2, confirmed
89, data/prediction_videos_3_categories/throwup-basketball/1_1, confirmed
90, data/prediction_videos_3_categories/rolling-bowling/27_0, confirmed
91, data/prediction_videos_3_categories/throwup-basketball/71_0, confirmed
92, data/prediction_videos_3_categories/throwup-basketball/176_6, confirmed
93, data/prediction_videos_3_categories/throwup-basketball/66_0, confirmed
94, data/prediction_videos_3_categories/throwup-basketball/98_0, confirmed
95, data/prediction_videos_3_categories/rolling-bowling/52_0, confirmed
96, data/prediction_videos_3_categories/throwup-basketball/95_0, confirmed
97, data/prediction_videos_3_categories/throwup-basketball/1_7, confirmed
98, data/prediction_videos_3_categories/throwup-basketball/141_1, confirmed
99, data/prediction_videos_3_categories/throwup-basketball/12_3, confirmed
100, data/prediction_videos_3_categories/throwup-basketball/155_2, confirmed
101, data/prediction_videos_3_categories/throwup-basketball/13_0, confirmed
102, data/prediction_videos_3_categories/throwup-basketball/8_4, confirmed
103, data/prediction_videos_3_categories/rolling-bowling/3_3, confirmed
104, data/prediction_videos_3_categories/throwup-basketball/34_0, confirmed
105, data/prediction_videos_3_categories/throwup-basketball/75_0, confirmed
106, data/prediction_videos_3_categories/throwup-basketball/8_6, confirmed
107, data/prediction_videos_3_categories/throwup-basketball/34_2, confirmed
108, data/prediction_videos_3_categories/throwup-basketball/90_4, confirmed
109, data/prediction_videos_3_categories/throwup-basketball/87_5, confirmed
110, data/prediction_videos_3_categories/rolling-bowling/79_6, confirmed
111, data/prediction_videos_3_categories/throwup-basketball/111_0, confirmed
112, data/prediction_videos_3_categories/throwup-basketball/90_2, confirmed
113, data/prediction_videos_3_categories/throwup-basketball/85_3, confirmed
114, data/prediction_videos_3_categories/throwup-basketball/155_1, confirmed
115, data/prediction_videos_3_categories/throwup-basketball/85_0, confirmed
116, data/prediction_videos_3_categories/throwup-basketball/85_6, confirmed
117, data/prediction_videos_3_categories/rolling-bowling/79_7, confirmed
118, data/prediction_videos_3_categories/throwup-basketball/176_4, confirmed
119, data/prediction_videos_3_categories/throwup-basketball/12_4, confirmed
120, data/prediction_videos_3_categories/throwup-basketball/13_7, confirmed
121, data/prediction_videos_3_categories/throwup-basketball/52_2, confirmed
122, data/prediction_videos_3_categories/throwup-basketball/73_6, confirmed
123, data/prediction_videos_3_categories/throwup-basketball/187_1, confirmed
124, data/prediction_videos_3_categories/throwup-basketball/174_2, confirmed
125, data/prediction_videos_3_categories/throwup-basketball/48_2, confirmed
126, data/prediction_videos_3_categories/throwup-basketball/52_5, confirmed
127, data/prediction_videos_3_categories/throwup-basketball/73_7, confirmed
128, data/prediction_videos_3_categories/throwup-basketball/84_1, confirmed
129, data/prediction_videos_3_categories/throwup-basketball/9_7, confirmed
130, data/prediction_videos_3_categories/throwup-basketball/116_3, confirmed
131, data/prediction_videos_3_categories/throwup-basketball/9_5, confirmed
132, data/prediction_videos_3_categories/throwup-basketball/9_2, confirmed
133, data/prediction_videos_3_categories/throwup-basketball/46_5, confirmed
134, data/prediction_videos_3_categories/throwup-basketball/200_0, confirmed
135, data/prediction_videos_3_categories/throwup-basketball/73_0, confirmed
136, data/prediction_videos_3_categories/throwup-basketball/187_3, confirmed
137, data/prediction_videos_3_categories/throwup-basketball/116_1, confirmed
138, data/prediction_videos_3_categories/throwup-basketball/174_0, confirmed
139, data/prediction_videos_3_categories/throwup-basketball/9_6, confirmed
140, data/prediction_videos_3_categories/throwup-basketball/48_5, confirmed
141, data/prediction_videos_3_categories/throwup-basketball/9_3, confirmed
142, data/prediction_videos_3_categories/throwup-basketball/183_1, confirmed
143, data/prediction_videos_3_categories/throwup-basketball/52_3, confirmed
144, data/prediction_videos_3_categories/throwup-basketball/72_0, confirmed
145, data/prediction_videos_3_categories/throwup-basketball/18_5, confirmed
146, data/prediction_videos_3_categories/throwup-basketball/183_3, confirmed
147, data/prediction_videos_3_categories/throwup-basketball/73_3, confirmed
148, data/prediction_videos_3_categories/throwup-basketball/141_2, confirmed
149, data/prediction_videos_3_categories/throwup-basketball/155_0, confirmed
150, data/prediction_videos_3_categories/throwup-basketball/194_2, confirmed
151, data/prediction_videos_3_categories/throwup-basketball/200_1, confirmed
152, data/prediction_videos_3_categories/throwup-basketball/112_0, confirmed
153, data/prediction_videos_3_categories/throwup-basketball/87_0, confirmed
154, data/prediction_videos_3_categories/rolling-bowling/52_3, confirmed
155, data/prediction_videos_3_categories/rolling-bowling/52_7, confirmed
156, data/prediction_videos_3_categories/throwup-basketball/141_0, confirmed
157, data/prediction_videos_3_categories/throwup-basketball/90_1, confirmed
158, data/prediction_videos_3_categories/throwup-basketball/106_6, confirmed
159, data/prediction_videos_3_categories/throwup-basketball/64_3, confirmed
160, data/prediction_videos_3_categories/throwup-basketball/72_4, confirmed
161, data/prediction_videos_3_categories/throwup-basketball/13_2, confirmed
162, data/prediction_videos_3_categories/throwup-basketball/84_4, confirmed
163, data/prediction_videos_3_categories/throwup-basketball/72_2, confirmed
164, data/prediction_videos_3_categories/throwup-basketball/116_2, confirmed
165, data/prediction_videos_3_categories/throwup-basketball/48_1, confirmed
166, data/prediction_videos_3_categories/throwup-basketball/34_3, confirmed
167, data/prediction_videos_3_categories/throwup-basketball/146_1, confirmed
168, data/prediction_videos_3_categories/throwup-basketball/112_1, confirmed
169, data/prediction_videos_3_categories/throwup-basketball/106_5, confirmed
170, data/prediction_videos_3_categories/throwup-basketball/73_2, confirmed
171, data/prediction_videos_3_categories/throwup-basketball/73_1, confirmed
172, data/prediction_videos_3_categories/throwup-basketball/48_6, confirmed
173, data/prediction_videos_3_categories/throwup-basketball/73_4, confirmed
174, data/prediction_videos_3_categories/throwup-basketball/106_1, confirmed
175, data/prediction_videos_3_categories/throwup-basketball/116_4, confirmed
176, data/prediction_videos_3_categories/rolling-bowling/3_2, confirmed
177, data/prediction_videos_3_categories/throwup-basketball/146_0, confirmed
178, data/prediction_videos_3_categories/throwup-basketball/8_3, confirmed
179, data/prediction_videos_3_categories/throwup-basketball/64_0, confirmed
180, data/prediction_videos_3_categories/throwup-basketball/106_7, confirmed
181, data/prediction_videos_3_categories/throwup-basketball/116_5, confirmed
182, data/prediction_videos_3_categories/throwup-basketball/48_4, confirmed
183, data/prediction_videos_3_categories/throwup-basketball/64_1, confirmed
184, data/prediction_videos_3_categories/throwup-basketball/116_7, confirmed
185, data/prediction_videos_3_categories/throwup-basketball/116_6, confirmed
186, data/prediction_videos_3_categories/throwing-basketballthrow/75_2, confirmed
187, data/prediction_videos_3_categories/rolling-bowling/52_6, confirmed
188, data/prediction_videos_3_categories/throwup-basketball/90_3, confirmed
189, data/prediction_videos_3_categories/throwing-basketballthrow/84_5, confirmed
190, data/prediction_videos_3_categories/throwup-basketball/84_2, confirmed
191, data/prediction_videos_3_categories/throwup-basketball/84_3, confirmed
192, data/prediction_videos_3_categories/throwing-basketballthrow/190_4, confirmed
193, data/prediction_videos_3_categories/throwup-basketball/73_5, confirmed
194, data/prediction_videos_3_categories/throwup-basketball/149_0, confirmed
195, data/prediction_videos_3_categories/throwing-basketballthrow/90_3, confirmed
196, data/prediction_videos_3_categories/throwup-basketball/183_2, confirmed
197, data/prediction_videos_3_categories/throwup-basketball/174_4, confirmed
198, data/prediction_videos_3_categories/throwup-basketball/141_3, confirmed
199, data/prediction_videos_3_categories/throwup-basketball/106_2, confirmed
200, data/prediction_videos_3_categories/throwup-basketball/194_3, confirmed
201, data/prediction_videos_3_categories/throwing-basketballthrow/141_7, confirmed
202, data/prediction_videos_3_categories/throwup-basketball/55_2, confirmed
203, data/prediction_videos_3_categories/rolling-bowling/106_3, confirmed
204, data/prediction_videos_3_categories/throwup-basketball/84_0, confirmed
205, data/prediction_videos_3_categories/rolling-bowling/79_5, confirmed
206, data/prediction_videos_3_categories/throwing-basketballthrow/190_2, confirmed
207, data/prediction_videos_3_categories/throwing-basketballthrow/5_0, confirmed
208, data/prediction_videos_3_categories/throwing-basketballthrow/87_1, confirmed
209, data/prediction_videos_3_categories/throwing-basketballthrow/10_2, confirmed
210, data/prediction_videos_3_categories/throwup-basketball/48_0, confirmed
211, data/prediction_videos_3_categories/throwup-basketball/106_0, confirmed
212, data/prediction_videos_3_categories/throwing-basketballthrow/189_2, confirmed
213, data/prediction_videos_3_categories/throwing-basketballthrow/15_1, [['00000', '00013']]
214, data/prediction_videos_3_categories/rolling-bowling/197_2, [['00000', '00015']]
215, data/prediction_videos_3_categories/throwing-basketballthrow/90_2, [['00000', '00020']]
216, data/prediction_videos_3_categories/rolling-bowling/96_7, [['00000', '00016']]
217, data/prediction_videos_3_categories/throwing-basketballthrow/17_2, [['00000', '00013']]
218, data/prediction_videos_3_categories/rolling-bowling/79_3, [['00000', '00020']]
219, data/prediction_videos_3_categories/throwing-basketballthrow/5_2, [['00000', '00010']]
220, data/prediction_videos_3_categories/throwing-basketballthrow/5_1, [['00000', '00009']]
221, data/prediction_videos_3_categories/throwup-basketball/8_2, [['00000', '00021']]
222, data/prediction_videos_3_categories/throwup-basketball/8_7, [['00000', '00021']]
223, data/prediction_videos_3_categories/throwing-basketballthrow/61_0, [['00000', '00013']]
224, data/prediction_videos_3_categories/throwing-basketballthrow/189_0, [['00000', '00019']]
225, data/prediction_videos_3_categories/throwing-basketballthrow/189_1, [['00000', '00019']]
226, data/prediction_videos_3_categories/throwup-basketball/174_1, [['00000', '00031']]
227, data/prediction_videos_3_categories/throwup-basketball/116_0, [['00000', '00028']]
228, data/prediction_videos_3_categories/throwing-basketballthrow/10_3, [['00000', '00019']]
229, data/prediction_videos_3_categories/throwing-basketballthrow/189_4, [['00000', '00016']]
230, data/prediction_videos_3_categories/throwup-basketball/174_3, [['00000', '00023']]
231, data/prediction_videos_3_categories/throwing-basketballthrow/17_0, [['00000', '00015']]
232, data/prediction_videos_3_categories/throwing-basketballthrow/10_1, [['00000', '00015']]
233, data/prediction_videos_3_categories/throwing-basketballthrow/72_1, [['00000', '00016']]
234, data/prediction_videos_3_categories/throwing-basketballthrow/183_5, [['00000', '00011']]
235, data/prediction_videos_3_categories/throwing-basketballthrow/95_2, [['00000', '00014']]
236, data/prediction_videos_3_categories/throwing-basketballthrow/58_1, [['00000', '00015']]
237, data/prediction_videos_3_categories/rolling-bowling/52_5, [['00000', '00018']]
238, data/prediction_videos_3_categories/throwing-basketballthrow/90_7, [['00000', '00017']]
239, data/prediction_videos_3_categories/throwing-basketballthrow/10_0, [['00000', '00013']]
240, data/prediction_videos_3_categories/throwing-basketballthrow/200_2, [['00000', '00014']]
241, data/prediction_videos_3_categories/throwing-basketballthrow/200_1, [['00000', '00024']]
242, data/prediction_videos_3_categories/throwing-basketballthrow/17_1, [['00000', '00018']]
243, data/prediction_videos_3_categories/throwup-basketball/8_1, [['00000', '00021']]
244, data/prediction_videos_3_categories/throwing-basketballthrow/95_3, [['00000', '00017']]
245, data/prediction_videos_3_categories/throwing-basketballthrow/75_1, [['00000', '00014']]
246, data/prediction_videos_3_categories/throwup-basketball/52_6, [['00000', '00027']]
247, data/prediction_videos_3_categories/throwing-basketballthrow/200_6, [['00000', '00016']]
248, data/prediction_videos_3_categories/rolling-bowling/52_4, [['00000', '00024']]
249, data/prediction_videos_3_categories/throwing-basketballthrow/72_0, [['00000', '00016']]
250, data/prediction_videos_3_categories/throwing-basketballthrow/10_4, [['00000', '00020']]
251, data/prediction_videos_3_categories/throwing-basketballthrow/61_1, [['00000', '00014']]
252, data/prediction_videos_3_categories/rolling-bowling/173_0, [['00000', '00019']]
253, data/prediction_videos_3_categories/throwing-basketballthrow/10_7, [['00000', '00016']]
254, data/prediction_videos_3_categories/throwup-basketball/106_4, [['00000', '00016']]
255, data/prediction_videos_3_categories/throwing-basketballthrow/90_0, [['00000', '00015']]
256, data/prediction_videos_3_categories/throwing-basketballthrow/15_0, [['00000', '00015']]
257, data/prediction_videos_3_categories/throwing-basketballthrow/200_0, [['00000', '00016']]
258, data/prediction_videos_3_categories/throwing-basketballthrow/112_3, [['00000', '00016']]
259, data/prediction_videos_3_categories/throwing-basketballthrow/112_0, [['00000', '00018']]
260, data/prediction_videos_3_categories/rolling-bowling/106_4, [['00000', '00018']]
261, data/prediction_videos_3_categories/throwing-basketballthrow/141_5, [['00000', '00015']]
262, data/prediction_videos_3_categories/throwing-basketballthrow/141_1, [['00000', '00016']]
263, data/prediction_videos_3_categories/throwing-basketballthrow/95_0, [['00000', '00016']]
264, data/prediction_videos_3_categories/throwing-basketballthrow/141_3, [['00000', '00016']]
265, data/prediction_videos_3_categories/throwup-basketball/141_5, [['00000', '00023']]
266, data/prediction_videos_3_categories/rolling-bowling/96_4, [['00000', '00017']]
267, data/prediction_videos_3_categories/throwing-basketballthrow/84_4, [['00000', '00019']]
268, data/prediction_videos_3_categories/throwing-basketballthrow/84_3, [['00000', '00018']]
269, data/prediction_videos_3_categories/rolling-bowling/79_4, [['00000', '00021']]
270, data/prediction_videos_3_categories/throwing-basketballthrow/194_1, [['00000', '00016']]
271, data/prediction_videos_3_categories/throwing-basketballthrow/179_6, [['00000', '00017']]
272, data/prediction_videos_3_categories/throwing-basketballthrow/141_0, [['00000', '00016']]
273, data/prediction_videos_3_categories/rolling-bowling/173_3, [['00000', '00018']]
274, data/prediction_videos_3_categories/rolling-bowling/52_2, flagged
275, data/prediction_videos_3_categories/throwing-basketballthrow/112_1, [['00000', '00020']]
276, data/prediction_videos_3_categories/rolling-bowling/106_0, [['00000', '00021']]
277, data/prediction_videos_3_categories/throwing-basketballthrow/149_5, [['00000', '00022']]
278, data/prediction_videos_3_categories/throwing-basketballthrow/149_1, [['00000', '00018']]
279, data/prediction_videos_3_categories/throwing-basketballthrow/77_0, [['00000', '00024']]
280, data/prediction_videos_3_categories/rolling-bowling/197_1, [['00000', '00016']]
281, data/prediction_videos_3_categories/throwing-basketballthrow/90_4, [['00000', '00018']]
282, data/prediction_videos_3_categories/throwing-basketballthrow/90_5, [['00000', '00017']]
283, data/prediction_videos_3_categories/throwup-basketball/141_4, [['00000', '00030']]
284, data/prediction_videos_3_categories/throwing-basketballthrow/179_0, [['00000', '00017']]
285, data/prediction_videos_3_categories/rolling-bowling/16_7, flagged
286, data/prediction_videos_3_categories/rolling-bowling/16_4, [['00000', '00011']]
287, data/prediction_videos_3_categories/rolling-bowling/16_6, flagged
288, data/prediction_videos_3_categories/rolling-bowling/173_2, [['00000', '00029']]
289, data/prediction_videos_3_categories/throwing-basketballthrow/149_6, [['00000', '00019']]
290, data/prediction_videos_3_categories/rolling-bowling/16_3, [['00000', '00015']]
291, data/prediction_videos_3_categories/rolling-bowling/16_1, [['00000', '00016']]
292, data/prediction_videos_3_categories/rolling-bowling/16_5, [['00000', '00015']]
293, data/prediction_videos_3_categories/rolling-bowling/77_2, [['00000', '00019']]
294, data/prediction_videos_3_categories/rolling-bowling/77_3, [['00000', '00017']]
295, data/prediction_videos_3_categories/rolling-bowling/96_0, [['00000', '00021']]
296, data/prediction_videos_3_categories/rolling-bowling/77_0, [['00000', '00021']]
297, data/prediction_videos_3_categories/rolling-bowling/24_5, [['00000', '00017']]
298, data/prediction_videos_3_categories/rolling-bowling/105_3, [['00000', '00014']]
299, data/prediction_videos_3_categories/throwing-basketballthrow/40_2, [['00000', '00024']]
300, data/prediction_videos_3_categories/rolling-bowling/197_0, [['00000', '00019']]
301, data/prediction_videos_3_categories/rolling-bowling/71_1, [['00000', '00020']]
302, data/prediction_videos_3_categories/rolling-bowling/96_6, [['00000', '00021']]
303, data/prediction_videos_3_categories/rolling-bowling/77_4, [['00000', '00016']]
304, data/prediction_videos_3_categories/rolling-bowling/77_1, [['00000', '00020']]
305, data/prediction_videos_3_categories/throwing-basketballthrow/155_4, [['00000', '00016']]
306, data/prediction_videos_3_categories/rolling-bowling/96_5, [['00000', '00015']]
307, data/prediction_videos_3_categories/rolling-bowling/24_0, [['00000', '00017']]
308, data/prediction_videos_3_categories/rolling-bowling/24_1, [['00000', '00017']]
309, data/prediction_videos_3_categories/rolling-bowling/16_2, [['00000', '00015']]
310, data/prediction_videos_3_categories/rolling-bowling/59_4, [['00000', '00025']]
311, data/prediction_videos_3_categories/rolling-bowling/129_0, [['00000', '00022']]
312, data/prediction_videos_3_categories/rolling-bowling/16_0, [['00000', '00019']]
313, data/prediction_videos_3_categories/rolling-bowling/197_3, [['00000', '00044']]
314, data/prediction_videos_3_categories/rolling-bowling/24_6, [['00000', '00050']]
315, data/prediction_videos_3_categories/rolling-bowling/59_2, confirmed
316, data/prediction_videos_3_categories/rolling-bowling/14_6, confirmed
317, data/prediction_videos_3_categories/rolling-bowling/81_1, confirmed
318, data/prediction_videos_3_categories/rolling-bowling/106_1, confirmed
319, data/prediction_videos_3_categories/rolling-bowling/82_0, confirmed
320, data/prediction_videos_3_categories/rolling-bowling/3_1, confirmed
321, data/prediction_videos_3_categories/rolling-bowling/81_3, confirmed
322, data/prediction_videos_3_categories/rolling-bowling/81_7, confirmed
323, data/prediction_videos_3_categories/rolling-bowling/67_0, confirmed
324, data/prediction_videos_3_categories/rolling-bowling/81_6, confirmed
325, data/prediction_videos_3_categories/rolling-bowling/14_5, confirmed
326, data/prediction_videos_3_categories/rolling-bowling/14_4, confirmed
327, data/prediction_videos_3_categories/rolling-bowling/182_3, confirmed
328, data/prediction_videos_3_categories/rolling-bowling/182_2, confirmed
329, data/prediction_videos_3_categories/rolling-bowling/182_0, confirmed
330, data/prediction_videos_3_categories/rolling-bowling/182_4, confirmed
331, data/prediction_videos_3_categories/rolling-bowling/182_7, confirmed
332, data/prediction_videos_3_categories/rolling-bowling/182_6, confirmed
333, data/prediction_videos_3_categories/rolling-bowling/81_4, confirmed
334, data/prediction_videos_3_categories/rolling-bowling/182_1, confirmed
335, data/prediction_videos_3_categories/rolling-bowling/59_0, confirmed
336, data/prediction_videos_3_categories/rolling-bowling/182_5, confirmed
337, data/prediction_videos_3_categories/rolling-bowling/14_2, confirmed
338, data/prediction_videos_3_categories/rolling-bowling/105_1, confirmed
339, data/prediction_videos_3_categories/rolling-bowling/67_5, confirmed
340, data/prediction_videos_3_categories/rolling-bowling/67_7, confirmed
341, data/prediction_videos_3_categories/rolling-bowling/67_4, confirmed
342, data/prediction_videos_3_categories/rolling-bowling/24_3, confirmed
343, data/prediction_videos_3_categories/rolling-bowling/67_2, confirmed
344, data/prediction_videos_3_categories/rolling-bowling/24_2, confirmed
345, data/prediction_videos_3_categories/rolling-bowling/67_1, confirmed
346, data/prediction_videos_3_categories/rolling-bowling/81_2, confirmed
347, data/prediction_videos_3_categories/rolling-bowling/96_2, confirmed
348, data/prediction_videos_3_categories/rolling-bowling/173_1, confirmed
349, data/prediction_videos_3_categories/rolling-bowling/3_0, confirmed
350, data/prediction_videos_3_categories/rolling-bowling/81_5, confirmed
351, data/prediction_videos_3_categories/rolling-bowling/71_0, confirmed
352, data/prediction_videos_3_categories/rolling-bowling/24_4, confirmed
353, data/prediction_videos_3_categories/rolling-bowling/14_1, confirmed
354, data/prediction_videos_3_categories/rolling-bowling/67_3, confirmed
355, data/prediction_videos_3_categories/throwing-basketballthrow/149_3, [['00000', '00018']]
356, data/prediction_videos_3_categories/rolling-bowling/105_2, [['00019', '00072']]
357, data/prediction_videos_3_categories/rolling-bowling/81_0, confirmed
358, data/prediction_videos_3_categories/throwing-basketballthrow/155_0, flagged
359, data/prediction_videos_3_categories/rolling-bowling/3_4, [['00001', '00075']]
360, data/prediction_videos_3_categories/rolling-bowling/67_6, confirmed
361, data/prediction_videos_3_categories/rolling-bowling/14_0, confirmed
362, data/prediction_videos_3_categories/rolling-bowling/14_7, confirmed
363, data/prediction_videos_3_categories/throwing-basketballthrow/181_2, [['00020', '00032']]
364, data/prediction_videos_3_categories/rolling-bowling/106_2, [['00015', '00079']]
365, data/prediction_videos_3_categories/rolling-bowling/121_0, [['00001', '00080']]
366, data/prediction_videos_3_categories/rolling-bowling/59_3, confirmed
367, data/prediction_videos_3_categories/rolling-bowling/14_3, confirmed
368, data/prediction_videos_3_categories/throwup-basketball/8_0, [['00000', '00040']]
369, data/prediction_videos_3_categories/throwing-basketballthrow/181_3, [['00017', '00042']]
370, data/prediction_videos_3_categories/rolling-bowling/96_1, [['00038', '00085']]
371, data/prediction_videos_3_categories/rolling-bowling/121_2, [['00010', '00085']]
372, data/prediction_videos_3_categories/rolling-bowling/94_2, [['00004', '00094']]
373, data/prediction_videos_3_categories/rolling-bowling/94_1, [['00007', '00094']]
374, data/prediction_videos_3_categories/rolling-bowling/94_0, [['00003', '00094']]
375, data/prediction_videos_3_categories/rolling-bowling/121_5, [['00002', '00100']]
376, data/prediction_videos_3_categories/rolling-bowling/121_6, [['00006', '00100']]
377, data/prediction_videos_3_categories/rolling-bowling/24_7, [['00000', '00102']]
378, data/prediction_videos_3_categories/throwing-basketballthrow/155_5, [['00000', '00013']]
379, data/prediction_videos_3_categories/throwing-basketballthrow/17_3, [['00000', '00016']]
380, data/prediction_videos_3_categories/rolling-bowling/121_1, [['00011', '00115']]
381, data/prediction_videos_3_categories/rolling-bowling/121_4, flagged
382, data/prediction_videos_3_categories/throwing-basketballthrow/149_4, [['00000', '00025']]
383, data/prediction_videos_3_categories/throwing-basketballthrow/124_0, [['00020', '00036']]
384, data/prediction_videos_3_categories/rolling-bowling/121_3, [['00019', '00125']]
385, data/prediction_videos_3_categories/rolling-bowling/59_1, flagged
386, data/prediction_videos_3_categories/rolling-bowling/29_0, [['00021', '00158']]
387, data/prediction_videos_3_categories/rolling-bowling/121_7, [['00054', '00220']]
388, data/prediction_videos_3_categories/throwing-basketballthrow/124_3, [['00044', '00073']]
389, data/prediction_videos_3_categories/rolling-bowling/105_0, [['00010', '00261']]
390, data/prediction_videos_3_categories/throwing-basketballthrow/124_1, [['00089', '00109'], ['00160', '00190']]
391, data/prediction_videos_3_categories/rolling-bowling/169_7, [['00010', '00298']]
392, data/prediction_videos_3_categories/rolling-bowling/169_1, [['00023', '00304']]
393, data/prediction_videos_3_categories/rolling-bowling/169_5, [['00001', '00312']]
394, data/prediction_videos_3_categories/rolling-bowling/169_6, [['00000', '00318']]
395, data/prediction_videos_3_categories/rolling-bowling/169_3, [['00028', '00322']]
396, data/prediction_videos_3_categories/rolling-bowling/169_0, [['00031', '00032']]
397, data/prediction_videos_3_categories/rolling-bowling/169_4, [['00006', '00334']]
398, data/prediction_videos_3_categories/rolling-bowling/169_2, [['00021', '00342']]
