0, data/prediction_videos_3_categories/throwup-basketball/176_3, confirmed
2, data/prediction_videos_3_categories/throwup-basketball/183_4, confirmed
4, data/prediction_videos_3_categories/throwup-basketball/87_2, confirmed
5, data/prediction_videos_3_categories/throwup-basketball/52_1, confirmed
6, data/prediction_videos_3_categories/throwup-basketball/72_3, confirmed
7, data/prediction_videos_3_categories/throwup-basketball/46_3, confirmed
8, data/prediction_videos_3_categories/throwup-basketball/87_4, confirmed
10, data/prediction_videos_3_categories/throwup-basketball/87_3, confirmed
11, data/prediction_videos_3_categories/throwup-basketball/5_1, confirmed
12, data/prediction_videos_3_categories/throwup-basketball/5_0, confirmed
13, data/prediction_videos_3_categories/throwup-basketball/90_0, confirmed
15, data/prediction_videos_3_categories/throwup-basketball/1_4, confirmed
16, data/prediction_videos_3_categories/throwup-basketball/1_2, confirmed
17, data/prediction_videos_3_categories/throwup-basketball/18_4, confirmed
18, data/prediction_videos_3_categories/throwup-basketball/176_0, confirmed
19, data/prediction_videos_3_categories/throwup-basketball/13_1, confirmed
20, data/prediction_videos_3_categories/throwup-basketball/34_1, confirmed
21, data/prediction_videos_3_categories/throwup-basketball/55_0, confirmed
22, data/prediction_videos_3_categories/throwup-basketball/187_4, confirmed
23, data/prediction_videos_3_categories/throwup-basketball/183_0, confirmed
24, data/prediction_videos_3_categories/throwup-basketball/13_5, confirmed
25, data/prediction_videos_3_categories/throwup-basketball/1_3, confirmed
26, data/prediction_videos_3_categories/throwup-basketball/13_3, confirmed
27, data/prediction_videos_3_categories/throwup-basketball/80_0, confirmed
28, data/prediction_videos_3_categories/throwup-basketball/18_0, confirmed
29, data/prediction_videos_3_categories/throwup-basketball/1_5, confirmed
30, data/prediction_videos_3_categories/throwup-basketball/55_1, confirmed
31, data/prediction_videos_3_categories/throwup-basketball/13_4, confirmed
32, data/prediction_videos_3_categories/throwup-basketball/176_7, confirmed
33, data/prediction_videos_3_categories/throwup-basketball/12_1, confirmed
34, data/prediction_videos_3_categories/throwup-basketball/85_4, confirmed
35, data/prediction_videos_3_categories/throwup-basketball/8_5, confirmed
36, data/prediction_videos_3_categories/throwup-basketball/1_6, confirmed
37, data/prediction_videos_3_categories/throwup-basketball/1_0, confirmed
38, data/prediction_videos_3_categories/throwup-basketball/85_1, confirmed
39, data/prediction_videos_3_categories/throwup-basketball/176_1, confirmed
40, data/prediction_videos_3_categories/throwup-basketball/13_6, confirmed
41, data/prediction_videos_3_categories/throwup-basketball/187_0, confirmed
42, data/prediction_videos_3_categories/throwup-basketball/176_5, confirmed
43, data/prediction_videos_3_categories/throwup-basketball/9_4, confirmed
44, data/prediction_videos_3_categories/throwup-basketball/46_7, confirmed
45, data/prediction_videos_3_categories/throwup-basketball/9_1, confirmed
46, data/prediction_videos_3_categories/throwup-basketball/48_3, confirmed
47, data/prediction_videos_3_categories/throwup-basketball/64_4, flagged
48, data/prediction_videos_3_categories/throwup-basketball/46_4, confirmed
49, data/prediction_videos_3_categories/throwup-basketball/18_3, confirmed
50, data/prediction_videos_3_categories/throwup-basketball/5_2, confirmed
51, data/prediction_videos_3_categories/throwup-basketball/9_0, confirmed
52, data/prediction_videos_3_categories/throwup-basketball/10_0, confirmed
53, data/prediction_videos_3_categories/throwup-basketball/46_6, confirmed
54, data/prediction_videos_3_categories/throwup-basketball/95_1, confirmed
55, data/prediction_videos_3_categories/throwup-basketball/18_6, confirmed
56, data/prediction_videos_3_categories/throwup-basketball/10_3, confirmed
57, data/prediction_videos_3_categories/throwup-basketball/87_6, confirmed
58, data/prediction_videos_3_categories/throwup-basketball/46_0, confirmed
60, data/prediction_videos_3_categories/throwup-basketball/72_1, confirmed
61, data/prediction_videos_3_categories/throwup-basketball/18_7, confirmed
62, data/prediction_videos_3_categories/throwup-basketball/106_3, confirmed
63, data/prediction_videos_3_categories/throwup-basketball/15_0, confirmed
64, data/prediction_videos_3_categories/throwup-basketball/52_0, confirmed
65, data/prediction_videos_3_categories/throwup-basketball/87_7, confirmed
66, data/prediction_videos_3_categories/throwup-basketball/95_2, confirmed
67, data/prediction_videos_3_categories/throwup-basketball/72_5, confirmed
68, data/prediction_videos_3_categories/throwup-basketball/48_7, confirmed
69, data/prediction_videos_3_categories/throwup-basketball/52_4, confirmed
70, data/prediction_videos_3_categories/throwup-basketball/194_1, confirmed
71, data/prediction_videos_3_categories/throwup-basketball/10_1, confirmed
72, data/prediction_videos_3_categories/throwup-basketball/46_2, confirmed
73, data/prediction_videos_3_categories/throwup-basketball/64_2, confirmed
74, data/prediction_videos_3_categories/throwup-basketball/194_0, confirmed
75, data/prediction_videos_3_categories/throwup-basketball/46_1, confirmed
76, data/prediction_videos_3_categories/throwup-basketball/18_1, confirmed
77, data/prediction_videos_3_categories/throwup-basketball/18_2, confirmed
78, data/prediction_videos_3_categories/throwup-basketball/61_0, confirmed
79, data/prediction_videos_3_categories/throwup-basketball/10_2, confirmed
80, data/prediction_videos_3_categories/throwup-basketball/187_2, confirmed
81, data/prediction_videos_3_categories/throwup-basketball/85_2, confirmed
82, data/prediction_videos_3_categories/throwup-basketball/87_1, confirmed
83, data/prediction_videos_3_categories/throwup-basketball/66_1, confirmed
84, data/prediction_videos_3_categories/throwup-basketball/80_1, confirmed
85, data/prediction_videos_3_categories/throwup-basketball/176_2, confirmed
86, data/prediction_videos_3_categories/throwup-basketball/85_5, confirmed
87, data/prediction_videos_3_categories/throwup-basketball/12_0, confirmed
88, data/prediction_videos_3_categories/throwup-basketball/12_2, confirmed
89, data/prediction_videos_3_categories/throwup-basketball/1_1, confirmed
91, data/prediction_videos_3_categories/throwup-basketball/71_0, confirmed
92, data/prediction_videos_3_categories/throwup-basketball/176_6, confirmed
93, data/prediction_videos_3_categories/throwup-basketball/66_0, confirmed
94, data/prediction_videos_3_categories/throwup-basketball/98_0, confirmed
96, data/prediction_videos_3_categories/throwup-basketball/95_0, confirmed
97, data/prediction_videos_3_categories/throwup-basketball/1_7, confirmed
98, data/prediction_videos_3_categories/throwup-basketball/141_1, confirmed
99, data/prediction_videos_3_categories/throwup-basketball/12_3, confirmed
100, data/prediction_videos_3_categories/throwup-basketball/155_2, confirmed
101, data/prediction_videos_3_categories/throwup-basketball/13_0, confirmed
102, data/prediction_videos_3_categories/throwup-basketball/8_4, confirmed
104, data/prediction_videos_3_categories/throwup-basketball/34_0, confirmed
105, data/prediction_videos_3_categories/throwup-basketball/75_0, confirmed
106, data/prediction_videos_3_categories/throwup-basketball/8_6, confirmed
107, data/prediction_videos_3_categories/throwup-basketball/34_2, confirmed
108, data/prediction_videos_3_categories/throwup-basketball/90_4, confirmed
109, data/prediction_videos_3_categories/throwup-basketball/87_5, confirmed
111, data/prediction_videos_3_categories/throwup-basketball/111_0, confirmed
112, data/prediction_videos_3_categories/throwup-basketball/90_2, confirmed
113, data/prediction_videos_3_categories/throwup-basketball/85_3, confirmed
114, data/prediction_videos_3_categories/throwup-basketball/155_1, confirmed
115, data/prediction_videos_3_categories/throwup-basketball/85_0, confirmed
116, data/prediction_videos_3_categories/throwup-basketball/85_6, confirmed
118, data/prediction_videos_3_categories/throwup-basketball/176_4, confirmed
119, data/prediction_videos_3_categories/throwup-basketball/12_4, confirmed
120, data/prediction_videos_3_categories/throwup-basketball/13_7, confirmed
121, data/prediction_videos_3_categories/throwup-basketball/52_2, confirmed
122, data/prediction_videos_3_categories/throwup-basketball/73_6, confirmed
123, data/prediction_videos_3_categories/throwup-basketball/187_1, confirmed
124, data/prediction_videos_3_categories/throwup-basketball/174_2, confirmed
125, data/prediction_videos_3_categories/throwup-basketball/48_2, confirmed
126, data/prediction_videos_3_categories/throwup-basketball/52_5, confirmed
127, data/prediction_videos_3_categories/throwup-basketball/73_7, confirmed
128, data/prediction_videos_3_categories/throwup-basketball/84_1, confirmed
129, data/prediction_videos_3_categories/throwup-basketball/9_7, confirmed
130, data/prediction_videos_3_categories/throwup-basketball/116_3, confirmed
131, data/prediction_videos_3_categories/throwup-basketball/9_5, confirmed
132, data/prediction_videos_3_categories/throwup-basketball/9_2, confirmed
133, data/prediction_videos_3_categories/throwup-basketball/46_5, confirmed
134, data/prediction_videos_3_categories/throwup-basketball/200_0, confirmed
135, data/prediction_videos_3_categories/throwup-basketball/73_0, confirmed
136, data/prediction_videos_3_categories/throwup-basketball/187_3, confirmed
137, data/prediction_videos_3_categories/throwup-basketball/116_1, confirmed
138, data/prediction_videos_3_categories/throwup-basketball/174_0, confirmed
139, data/prediction_videos_3_categories/throwup-basketball/9_6, confirmed
140, data/prediction_videos_3_categories/throwup-basketball/48_5, confirmed
141, data/prediction_videos_3_categories/throwup-basketball/9_3, confirmed
142, data/prediction_videos_3_categories/throwup-basketball/183_1, confirmed
143, data/prediction_videos_3_categories/throwup-basketball/52_3, confirmed
144, data/prediction_videos_3_categories/throwup-basketball/72_0, confirmed
145, data/prediction_videos_3_categories/throwup-basketball/18_5, confirmed
146, data/prediction_videos_3_categories/throwup-basketball/183_3, confirmed
147, data/prediction_videos_3_categories/throwup-basketball/73_3, confirmed
148, data/prediction_videos_3_categories/throwup-basketball/141_2, confirmed
149, data/prediction_videos_3_categories/throwup-basketball/155_0, confirmed
150, data/prediction_videos_3_categories/throwup-basketball/194_2, confirmed
151, data/prediction_videos_3_categories/throwup-basketball/200_1, confirmed
152, data/prediction_videos_3_categories/throwup-basketball/112_0, confirmed
153, data/prediction_videos_3_categories/throwup-basketball/87_0, confirmed
156, data/prediction_videos_3_categories/throwup-basketball/141_0, confirmed
157, data/prediction_videos_3_categories/throwup-basketball/90_1, confirmed
158, data/prediction_videos_3_categories/throwup-basketball/106_6, confirmed
159, data/prediction_videos_3_categories/throwup-basketball/64_3, confirmed
160, data/prediction_videos_3_categories/throwup-basketball/72_4, confirmed
161, data/prediction_videos_3_categories/throwup-basketball/13_2, confirmed
162, data/prediction_videos_3_categories/throwup-basketball/84_4, confirmed
163, data/prediction_videos_3_categories/throwup-basketball/72_2, confirmed
164, data/prediction_videos_3_categories/throwup-basketball/116_2, confirmed
165, data/prediction_videos_3_categories/throwup-basketball/48_1, confirmed
166, data/prediction_videos_3_categories/throwup-basketball/34_3, confirmed
167, data/prediction_videos_3_categories/throwup-basketball/146_1, confirmed
168, data/prediction_videos_3_categories/throwup-basketball/112_1, confirmed
169, data/prediction_videos_3_categories/throwup-basketball/106_5, confirmed
170, data/prediction_videos_3_categories/throwup-basketball/73_2, confirmed
171, data/prediction_videos_3_categories/throwup-basketball/73_1, confirmed
172, data/prediction_videos_3_categories/throwup-basketball/48_6, confirmed
173, data/prediction_videos_3_categories/throwup-basketball/73_4, confirmed
174, data/prediction_videos_3_categories/throwup-basketball/106_1, confirmed
175, data/prediction_videos_3_categories/throwup-basketball/116_4, confirmed
177, data/prediction_videos_3_categories/throwup-basketball/146_0, confirmed
178, data/prediction_videos_3_categories/throwup-basketball/8_3, confirmed
179, data/prediction_videos_3_categories/throwup-basketball/64_0, confirmed
180, data/prediction_videos_3_categories/throwup-basketball/106_7, confirmed
181, data/prediction_videos_3_categories/throwup-basketball/116_5, confirmed
182, data/prediction_videos_3_categories/throwup-basketball/48_4, confirmed
183, data/prediction_videos_3_categories/throwup-basketball/64_1, confirmed
184, data/prediction_videos_3_categories/throwup-basketball/116_7, confirmed
185, data/prediction_videos_3_categories/throwup-basketball/116_6, confirmed
186, data/prediction_videos_3_categories/throwing-basketballthrow/75_2, confirmed
188, data/prediction_videos_3_categories/throwup-basketball/90_3, confirmed
189, data/prediction_videos_3_categories/throwing-basketballthrow/84_5, confirmed
190, data/prediction_videos_3_categories/throwup-basketball/84_2, confirmed
191, data/prediction_videos_3_categories/throwup-basketball/84_3, confirmed
192, data/prediction_videos_3_categories/throwing-basketballthrow/190_4, confirmed
193, data/prediction_videos_3_categories/throwup-basketball/73_5, confirmed
194, data/prediction_videos_3_categories/throwup-basketball/149_0, confirmed
195, data/prediction_videos_3_categories/throwing-basketballthrow/90_3, confirmed
196, data/prediction_videos_3_categories/throwup-basketball/183_2, confirmed
197, data/prediction_videos_3_categories/throwup-basketball/174_4, confirmed
198, data/prediction_videos_3_categories/throwup-basketball/141_3, confirmed
199, data/prediction_videos_3_categories/throwup-basketball/106_2, confirmed
200, data/prediction_videos_3_categories/throwup-basketball/194_3, confirmed
201, data/prediction_videos_3_categories/throwing-basketballthrow/141_7, confirmed
202, data/prediction_videos_3_categories/throwup-basketball/55_2, confirmed
204, data/prediction_videos_3_categories/throwup-basketball/84_0, confirmed
206, data/prediction_videos_3_categories/throwing-basketballthrow/190_2, confirmed
207, data/prediction_videos_3_categories/throwing-basketballthrow/5_0, confirmed
208, data/prediction_videos_3_categories/throwing-basketballthrow/87_1, confirmed
209, data/prediction_videos_3_categories/throwing-basketballthrow/10_2, confirmed
210, data/prediction_videos_3_categories/throwup-basketball/48_0, confirmed
211, data/prediction_videos_3_categories/throwup-basketball/106_0, confirmed
212, data/prediction_videos_3_categories/throwing-basketballthrow/189_2, confirmed
213, data/prediction_videos_3_categories/throwing-basketballthrow/15_1, [['00000', '00013']]
215, data/prediction_videos_3_categories/throwing-basketballthrow/90_2, [['00000', '00020']]
217, data/prediction_videos_3_categories/throwing-basketballthrow/17_2, [['00000', '00013']]
219, data/prediction_videos_3_categories/throwing-basketballthrow/5_2, [['00000', '00010']]
220, data/prediction_videos_3_categories/throwing-basketballthrow/5_1, [['00000', '00009']]
221, data/prediction_videos_3_categories/throwup-basketball/8_2, [['00000', '00021']]
222, data/prediction_videos_3_categories/throwup-basketball/8_7, [['00000', '00021']]
223, data/prediction_videos_3_categories/throwing-basketballthrow/61_0, [['00000', '00013']]
224, data/prediction_videos_3_categories/throwing-basketballthrow/189_0, [['00000', '00019']]
225, data/prediction_videos_3_categories/throwing-basketballthrow/189_1, [['00000', '00019']]
226, data/prediction_videos_3_categories/throwup-basketball/174_1, [['00000', '00031']]
227, data/prediction_videos_3_categories/throwup-basketball/116_0, [['00000', '00028']]
228, data/prediction_videos_3_categories/throwing-basketballthrow/10_3, [['00000', '00019']]
229, data/prediction_videos_3_categories/throwing-basketballthrow/189_4, [['00000', '00016']]
230, data/prediction_videos_3_categories/throwup-basketball/174_3, [['00000', '00023']]
231, data/prediction_videos_3_categories/throwing-basketballthrow/17_0, [['00000', '00015']]
232, data/prediction_videos_3_categories/throwing-basketballthrow/10_1, [['00000', '00015']]
233, data/prediction_videos_3_categories/throwing-basketballthrow/72_1, [['00000', '00016']]
234, data/prediction_videos_3_categories/throwing-basketballthrow/183_5, [['00000', '00011']]
235, data/prediction_videos_3_categories/throwing-basketballthrow/95_2, [['00000', '00014']]
236, data/prediction_videos_3_categories/throwing-basketballthrow/58_1, [['00000', '00015']]
238, data/prediction_videos_3_categories/throwing-basketballthrow/90_7, [['00000', '00017']]
239, data/prediction_videos_3_categories/throwing-basketballthrow/10_0, [['00000', '00013']]
240, data/prediction_videos_3_categories/throwing-basketballthrow/200_2, [['00000', '00014']]
241, data/prediction_videos_3_categories/throwing-basketballthrow/200_1, [['00000', '00024']]
242, data/prediction_videos_3_categories/throwing-basketballthrow/17_1, [['00000', '00018']]
243, data/prediction_videos_3_categories/throwup-basketball/8_1, [['00000', '00021']]
244, data/prediction_videos_3_categories/throwing-basketballthrow/95_3, [['00000', '00017']]
245, data/prediction_videos_3_categories/throwing-basketballthrow/75_1, [['00000', '00014']]
246, data/prediction_videos_3_categories/throwup-basketball/52_6, [['00000', '00027']]
247, data/prediction_videos_3_categories/throwing-basketballthrow/200_6, [['00000', '00016']]
249, data/prediction_videos_3_categories/throwing-basketballthrow/72_0, [['00000', '00016']]
250, data/prediction_videos_3_categories/throwing-basketballthrow/10_4, [['00000', '00020']]
251, data/prediction_videos_3_categories/throwing-basketballthrow/61_1, [['00000', '00014']]
253, data/prediction_videos_3_categories/throwing-basketballthrow/10_7, [['00000', '00016']]
254, data/prediction_videos_3_categories/throwup-basketball/106_4, [['00000', '00016']]
255, data/prediction_videos_3_categories/throwing-basketballthrow/90_0, [['00000', '00015']]
256, data/prediction_videos_3_categories/throwing-basketballthrow/15_0, [['00000', '00015']]
257, data/prediction_videos_3_categories/throwing-basketballthrow/200_0, [['00000', '00016']]
258, data/prediction_videos_3_categories/throwing-basketballthrow/112_3, [['00000', '00016']]
259, data/prediction_videos_3_categories/throwing-basketballthrow/112_0, [['00000', '00018']]
261, data/prediction_videos_3_categories/throwing-basketballthrow/141_5, [['00000', '00015']]
262, data/prediction_videos_3_categories/throwing-basketballthrow/141_1, [['00000', '00016']]
263, data/prediction_videos_3_categories/throwing-basketballthrow/95_0, [['00000', '00016']]
264, data/prediction_videos_3_categories/throwing-basketballthrow/141_3, [['00000', '00016']]
265, data/prediction_videos_3_categories/throwup-basketball/141_5, [['00000', '00023']]
267, data/prediction_videos_3_categories/throwing-basketballthrow/84_4, [['00000', '00019']]
268, data/prediction_videos_3_categories/throwing-basketballthrow/84_3, [['00000', '00018']]
270, data/prediction_videos_3_categories/throwing-basketballthrow/194_1, [['00000', '00016']]
271, data/prediction_videos_3_categories/throwing-basketballthrow/179_6, [['00000', '00017']]
272, data/prediction_videos_3_categories/throwing-basketballthrow/141_0, [['00000', '00016']]
275, data/prediction_videos_3_categories/throwing-basketballthrow/112_1, [['00000', '00020']]
277, data/prediction_videos_3_categories/throwing-basketballthrow/149_5, [['00000', '00022']]
278, data/prediction_videos_3_categories/throwing-basketballthrow/149_1, [['00000', '00018']]
279, data/prediction_videos_3_categories/throwing-basketballthrow/77_0, [['00000', '00024']]
281, data/prediction_videos_3_categories/throwing-basketballthrow/90_4, [['00000', '00018']]
282, data/prediction_videos_3_categories/throwing-basketballthrow/90_5, [['00000', '00017']]
283, data/prediction_videos_3_categories/throwup-basketball/141_4, [['00000', '00030']]
284, data/prediction_videos_3_categories/throwing-basketballthrow/179_0, [['00000', '00017']]
289, data/prediction_videos_3_categories/throwing-basketballthrow/149_6, [['00000', '00019']]
299, data/prediction_videos_3_categories/throwing-basketballthrow/40_2, [['00000', '00024']]
305, data/prediction_videos_3_categories/throwing-basketballthrow/155_4, [['00000', '00016']]
355, data/prediction_videos_3_categories/throwing-basketballthrow/149_3, [['00000', '00018']]
358, data/prediction_videos_3_categories/throwing-basketballthrow/155_0, flagged
363, data/prediction_videos_3_categories/throwing-basketballthrow/181_2, [['00020', '00032']]
368, data/prediction_videos_3_categories/throwup-basketball/8_0, [['00000', '00040']]
369, data/prediction_videos_3_categories/throwing-basketballthrow/181_3, [['00017', '00042']]
378, data/prediction_videos_3_categories/throwing-basketballthrow/155_5, [['00000', '00013']]
379, data/prediction_videos_3_categories/throwing-basketballthrow/17_3, [['00000', '00016']]
382, data/prediction_videos_3_categories/throwing-basketballthrow/149_4, [['00000', '00025']]
383, data/prediction_videos_3_categories/throwing-basketballthrow/124_0, [['00020', '00036']]
388, data/prediction_videos_3_categories/throwing-basketballthrow/124_3, [['00044', '00073']]
390, data/prediction_videos_3_categories/throwing-basketballthrow/124_1, [['00089', '00109'], ['00160', '00190']]
